#
# There is insufficient memory for the Java Runtime Environment to continue.
# Native memory allocation (malloc) failed to allocate 1048576 bytes for AllocateHeap
# Possible reasons:
#   The system is out of physical RAM or swap space
#   The process is running with CompressedOops enabled, and the Java Heap may be blocking the growth of the native heap
# Possible solutions:
#   Reduce memory load on the system
#   Increase physical memory or swap space
#   Check if swap backing store is full
#   Decrease Java heap size (-Xmx/-Xms)
#   Decrease number of Java threads
#   Decrease Java thread stack sizes (-Xss)
#   Set larger code cache with -XX:ReservedCodeCacheSize=
#   JVM is running with Unscaled Compressed Oops mode in which the Java heap is
#     placed in the first 4GB address space. The Java Heap base address is the
#     maximum limit for the native heap growth. Please use -XX:HeapBaseMinAddress
#     to set the Java Heap base and to place the Java Heap above 4GB virtual address.
# This output file may be truncated or incomplete.
#
#  Out of Memory Error (memory/allocation.inline.hpp:61), pid=84588, tid=0x0000000000016538
#
# JRE version:  (8.0) (build )
# Java VM: OpenJDK 64-Bit Server VM (25.71-b00 mixed mode windows-amd64 compressed oops)
# Failed to write core dump. Minidumps are not enabled by default on client versions of Windows
#

---------------  T H R E A D  ---------------

Current thread (0x000000000341e000):  JavaThread "Unknown thread" [_thread_in_vm, id=91448, stack(0x0000000003420000,0x0000000003520000)]

Stack: [0x0000000003420000,0x0000000003520000]
[error occurred during error reporting (printing stack bounds), id 0xc0000005]

Native frames: (J=compiled Java code, j=interpreted, Vv=VM code, C=native code)


---------------  P R O C E S S  ---------------

Java Threads: ( => current thread )

Other Threads:

=>0x000000000341e000 (exited) JavaThread "Unknown thread" [_thread_in_vm, id=91448, stack(0x0000000003420000,0x0000000003520000)]

VM state:not at safepoint (normal execution)

VM Mutex/Monitor currently owned by a thread: None

heap address: 0x0000000082400000, size: 2012 MB, Compressed Oops mode: 32-bit
Narrow klass base: 0x0000000000000000, Narrow klass shift: 3
Compressed class space size: 1073741824 Address: 0x0000000100000000

Heap:
 PSYoungGen      total 37888K, used 655K [0x00000000d6180000, 0x00000000d8b80000, 0x0000000100000000)
  eden space 32768K, 2% used [0x00000000d6180000,0x00000000d6223d80,0x00000000d8180000)
  from space 5120K, 0% used [0x00000000d8680000,0x00000000d8680000,0x00000000d8b80000)
  to   space 5120K, 0% used [0x00000000d8180000,0x00000000d8180000,0x00000000d8680000)
 ParOldGen       total 86016K, used 0K [0x0000000082400000, 0x0000000087800000, 0x00000000d6180000)
  object space 86016K, 0% used [0x0000000082400000,0x0000000082400000,0x0000000087800000)
 Metaspace       used 777K, capacity 4480K, committed 4480K, reserved 1056768K
  class space    used 74K, capacity 384K, committed 384K, reserved 1048576K

Card table byte_map: [0x00000000129e0000,0x0000000012dd0000] byte_map_base: 0x00000000125ce000

Marking Bits: (ParMarkBitMap*) 0x00000000648f8f30
 Begin Bits: [0x0000000013870000, 0x00000000157e0000)
 End Bits:   [0x00000000157e0000, 0x0000000017750000)

Polling page: 0x0000000001710000

CodeCache: size=245760Kb used=328Kb max_used=328Kb free=245431Kb
 bounds [0x0000000003620000, 0x0000000003890000, 0x0000000012620000]
 total_blobs=57 nmethods=0 adapters=38
 compilation: enabled

Compilation events (0 events):
No events

GC Heap History (0 events):
No events

Deoptimization events (0 events):
No events

Classes redefined (0 events):
No events

Internal exceptions (0 events):
No events

Events (10 events):
Event: 0.043 loading class java/lang/Short
Event: 0.043 loading class java/lang/Short done
Event: 0.043 loading class java/lang/Integer
Event: 0.043 loading class java/lang/Integer done
Event: 0.043 loading class java/lang/Long
Event: 0.043 loading class java/lang/Long done
Event: 0.044 loading class java/lang/NullPointerException
Event: 0.044 loading class java/lang/NullPointerException done
Event: 0.044 loading class java/lang/ArithmeticException
Event: 0.044 loading class java/lang/ArithmeticException done


Dynamic libraries:
0x00007ff6e2a90000 - 0x00007ff6e2ac5000 	C:\Program Files\Android\Jdk\microsoft_dist_openjdk_1.8.0.25\bin\java.exe
0x00007ff95b9d0000 - 0x00007ff95bbbd000 	C:\WINDOWS\SYSTEM32\ntdll.dll
0x00007ff95b150000 - 0x00007ff95b203000 	C:\WINDOWS\System32\KERNEL32.DLL
0x00007ff958300000 - 0x00007ff958593000 	C:\WINDOWS\System32\KERNELBASE.dll
0x00007ff95b450000 - 0x00007ff95b4f3000 	C:\WINDOWS\System32\ADVAPI32.dll
0x00007ff958bf0000 - 0x00007ff958c8e000 	C:\WINDOWS\System32\msvcrt.dll
0x00007ff95b210000 - 0x00007ff95b2ae000 	C:\WINDOWS\System32\sechost.dll
0x00007ff958fc0000 - 0x00007ff9590e2000 	C:\WINDOWS\System32\RPCRT4.dll
0x00007ff95b2b0000 - 0x00007ff95b447000 	C:\WINDOWS\System32\USER32.dll
0x00007ff958b50000 - 0x00007ff958b70000 	C:\WINDOWS\System32\win32u.dll
0x00007ff959430000 - 0x00007ff959459000 	C:\WINDOWS\System32\GDI32.dll
0x00007ff9589b0000 - 0x00007ff958b49000 	C:\WINDOWS\System32\gdi32full.dll
0x00007ff957a90000 - 0x00007ff957b30000 	C:\WINDOWS\System32\msvcp_win.dll
0x00007ff9585f0000 - 0x00007ff9586ea000 	C:\WINDOWS\System32\ucrtbase.dll
0x00007ff944500000 - 0x00007ff944779000 	C:\WINDOWS\WinSxS\amd64_microsoft.windows.common-controls_6595b64144ccf1df_6.0.17763.802_none_05b1445c0722d2cc\COMCTL32.dll
0x00007ff958c90000 - 0x00007ff958fbc000 	C:\WINDOWS\System32\combase.dll
0x00007ff958280000 - 0x00007ff9582fe000 	C:\WINDOWS\System32\bcryptPrimitives.dll
0x00007ff95b500000 - 0x00007ff95b52e000 	C:\WINDOWS\System32\IMM32.DLL
0x0000000065b40000 - 0x0000000065c11000 	C:\Program Files\Android\Jdk\microsoft_dist_openjdk_1.8.0.25\jre\bin\msvcr100.dll
0x0000000064130000 - 0x0000000064975000 	C:\Program Files\Android\Jdk\microsoft_dist_openjdk_1.8.0.25\jre\bin\server\jvm.dll
0x00007ff95b750000 - 0x00007ff95b758000 	C:\WINDOWS\System32\PSAPI.DLL
0x00007ff9552a0000 - 0x00007ff9552c4000 	C:\WINDOWS\SYSTEM32\WINMM.dll
0x00007ff93e650000 - 0x00007ff93e659000 	C:\WINDOWS\SYSTEM32\WSOCK32.dll
0x00007ff9560c0000 - 0x00007ff9560ca000 	C:\WINDOWS\SYSTEM32\VERSION.dll
0x00007ff95b0d0000 - 0x00007ff95b13d000 	C:\WINDOWS\System32\WS2_32.dll
0x00007ff9550d0000 - 0x00007ff9550fd000 	C:\WINDOWS\SYSTEM32\WINMMBASE.dll
0x00007ff9585a0000 - 0x00007ff9585ea000 	C:\WINDOWS\System32\cfgmgr32.dll
0x00007ff955e30000 - 0x00007ff955e3f000 	C:\Program Files\Android\Jdk\microsoft_dist_openjdk_1.8.0.25\jre\bin\verify.dll
0x00007ff953640000 - 0x00007ff953669000 	C:\Program Files\Android\Jdk\microsoft_dist_openjdk_1.8.0.25\jre\bin\java.dll
0x00007ff9533e0000 - 0x00007ff9533f6000 	C:\Program Files\Android\Jdk\microsoft_dist_openjdk_1.8.0.25\jre\bin\zip.dll

VM Arguments:
java_command: <unknown>
java_class_path (initial): .
Launcher Type: SUN_STANDARD

Environment Variables:
PATH=C:\Program Files\Android\Jdk\microsoft_dist_openjdk_1.8.0.25\bin;C:\Program Files (x86)\Razer\ChromaBroadcast\bin;C:\Program Files\Razer\ChromaBroadcast\bin;C:\Program Files (x86)\Intel\Intel(R) Management Engine Components\iCLS\;C:\Program Files\Intel\Intel(R) Management Engine Components\iCLS\;C:\WINDOWS\system32;C:\WINDOWS;C:\WINDOWS\System32\Wbem;C:\WINDOWS\System32\WindowsPowerShell\v1.0\;C:\WINDOWS\System32\OpenSSH\;C:\Program Files (x86)\Intel\Intel(R) Management Engine Components\DAL;C:\Program Files\Intel\Intel(R) Management Engine Components\DAL;C:\Program Files\Intel\WiFi\bin\;C:\Program Files\Common Files\Intel\WirelessCommon\;C:\Program Files\dotnet\;C:\Program Files\Microsoft SQL Server\Client SDK\ODBC\170\Tools\Binn\;D:\Users\TortoiseSVN\bin;C:\Program Files (x86)\Microsoft SQL Server\110\Tools\Binn\ManagementStudio\;C:\Program Files (x86)\Microsoft SQL Server\110\Tools\Binn\;C:\Program Files\Microsoft SQL Server\110\Tools\Binn\;C:\Program Files (x86)\Microsoft SQL Server\110\DTS\Binn\;C:\Program Files\Microsoft SQL Server\130\Tools\Binn\;C:\Users\Sunits\AppData\Local\Microsoft\WindowsApps;C:\Users\Sunits\.dotnet\tools;D:\Users\Git\cmd;D:\Users\GitExtensions\;C:\Users\Sunits\AppData\Local\Microsoft\WindowsApps;
USERNAME=Sunits
OS=Windows_NT
PROCESSOR_IDENTIFIER=Intel64 Family 6 Model 142 Stepping 10, GenuineIntel



---------------  S Y S T E M  ---------------

OS: Windows 10.0 , 64 bit Build 17763 (10.0.17763.475)

CPU:total 8 (initial active 8) (4 cores per cpu, 2 threads per core) family 6 model 142 stepping 10, cmov, cx8, fxsr, mmx, sse, sse2, sse3, ssse3, sse4.1, sse4.2, popcnt, avx, avx2, aes, clmul, erms, 3dnowpref, lzcnt, ht, tsc, tscinvbit, bmi1, bmi2, adx

Memory: 4k page, physical 8234840k(566216k free), swap 26221524k(5120k free)

vm_info: OpenJDK 64-Bit Server VM (25.71-b00) for windows-amd64 JRE (1.8.0-25-microsoft-b00), built on Feb  7 2019 20:09:14 by "builder" with MS VC++ 10.0 (VS2010)

time: Wed Oct 30 10:45:37 2019
timezone: 中国标准时间
elapsed time: 0 seconds (0d 0h 0m 0s)

