#
# There is insufficient memory for the Java Runtime Environment to continue.
# Native memory allocation (malloc) failed to allocate 32744 bytes for ChunkPool::allocate
# Possible reasons:
#   The system is out of physical RAM or swap space
#   The process is running with CompressedOops enabled, and the Java Heap may be blocking the growth of the native heap
# Possible solutions:
#   Reduce memory load on the system
#   Increase physical memory or swap space
#   Check if swap backing store is full
#   Decrease Java heap size (-Xmx/-Xms)
#   Decrease number of Java threads
#   Decrease Java thread stack sizes (-Xss)
#   Set larger code cache with -XX:ReservedCodeCacheSize=
#   JVM is running with Unscaled Compressed Oops mode in which the Java heap is
#     placed in the first 4GB address space. The Java Heap base address is the
#     maximum limit for the native heap growth. Please use -XX:HeapBaseMinAddress
#     to set the Java Heap base and to place the Java Heap above 4GB virtual address.
# This output file may be truncated or incomplete.
#
#  Out of Memory Error (allocation.cpp:272), pid=13960, tid=0x0000000000001ac4
#
# JRE version: OpenJDK Runtime Environment (8.0) (build 1.8.0-25-microsoft-b00)
# Java VM: OpenJDK 64-Bit Server VM (25.71-b00 mixed mode windows-amd64 compressed oops)
# Failed to write core dump. Minidumps are not enabled by default on client versions of Windows
#

---------------  T H R E A D  ---------------

Current thread (0x0000000018017000):  JavaThread "C2 CompilerThread1" daemon [_thread_in_native, id=6852, stack(0x00000000188e0000,0x00000000189e0000)]

Stack: [0x00000000188e0000,0x00000000189e0000]
[error occurred during error reporting (printing stack bounds), id 0xc0000005]

Native frames: (J=compiled Java code, j=interpreted, Vv=VM code, C=native code)


Current CompileTask:
C2: 215938 2633 %     4       com.android.dx.ssa.PhiTypeResolver::run @ 10 (179 bytes)


---------------  P R O C E S S  ---------------

Java Threads: ( => current thread )
  0x0000000018e24000 JavaThread "pool-2-thread-1" [_thread_blocked, id=25636, stack(0x00000000196e0000,0x00000000197e0000)]
  0x0000000018e23800 JavaThread "pool-1-thread-1" [_thread_blocked, id=18724, stack(0x00000000195e0000,0x00000000196e0000)]
  0x0000000018071000 JavaThread "Service Thread" daemon [_thread_blocked, id=15876, stack(0x0000000018be0000,0x0000000018ce0000)]
  0x000000001801d000 JavaThread "C1 CompilerThread3" daemon [_thread_blocked, id=10884, stack(0x0000000018ae0000,0x0000000018be0000)]
  0x0000000018020800 JavaThread "C2 CompilerThread2" daemon [_thread_in_native, id=31436, stack(0x00000000189e0000,0x0000000018ae0000)]
=>0x0000000018017000 JavaThread "C2 CompilerThread1" daemon [_thread_in_native, id=6852, stack(0x00000000188e0000,0x00000000189e0000)]
  0x0000000017fbc000 JavaThread "C2 CompilerThread0" daemon [_thread_in_native, id=13692, stack(0x00000000187e0000,0x00000000188e0000)]
  0x0000000018010800 JavaThread "Attach Listener" daemon [_thread_blocked, id=27148, stack(0x00000000186e0000,0x00000000187e0000)]
  0x000000001800f800 JavaThread "Signal Dispatcher" daemon [_thread_blocked, id=4136, stack(0x00000000185e0000,0x00000000186e0000)]
  0x000000000367a000 JavaThread "Finalizer" daemon [_thread_blocked, id=30436, stack(0x0000000018480000,0x0000000018580000)]
  0x0000000017fa0800 JavaThread "Reference Handler" daemon [_thread_blocked, id=4552, stack(0x0000000018380000,0x0000000018480000)]
  0x000000000135e800 JavaThread "main" [_thread_in_vm, id=3932, stack(0x0000000003480000,0x0000000003580000)]

Other Threads:
  0x0000000016199800 VMThread [stack: 0x0000000017e80000,0x0000000017f80000] [id=12296]
  0x0000000018072000 WatcherThread [stack: 0x0000000018ce0000,0x0000000018de0000] [id=17860]

VM state:not at safepoint (normal execution)

VM Mutex/Monitor currently owned by a thread: None

heap address: 0x00000000c0000000, size: 1024 MB, Compressed Oops mode: 32-bit
Narrow klass base: 0x0000000000000000, Narrow klass shift: 3
Compressed class space size: 1073741824 Address: 0x0000000100000000

Heap:
 PSYoungGen      total 78848K, used 43790K [0x00000000eab00000, 0x00000000f0800000, 0x0000000100000000)
  eden space 62464K, 43% used [0x00000000eab00000,0x00000000ec5c82a8,0x00000000ee800000)
  from space 16384K, 100% used [0x00000000ee800000,0x00000000ef800000,0x00000000ef800000)
  to   space 15872K, 0% used [0x00000000ef880000,0x00000000ef880000,0x00000000f0800000)
 ParOldGen       total 699392K, used 185169K [0x00000000c0000000, 0x00000000eab00000, 0x00000000eab00000)
  object space 699392K, 26% used [0x00000000c0000000,0x00000000cb4d4738,0x00000000eab00000)
 Metaspace       used 6738K, capacity 7384K, committed 7680K, reserved 1056768K
  class space    used 614K, capacity 656K, committed 768K, reserved 1048576K

Card table byte_map: [0x0000000012a40000,0x0000000012c50000] byte_map_base: 0x0000000012440000

Marking Bits: (ParMarkBitMap*) 0x0000000077998f30
 Begin Bits: [0x00000000135b0000, 0x00000000145b0000)
 End Bits:   [0x00000000145b0000, 0x00000000155b0000)

Polling page: 0x0000000002fb0000

CodeCache: size=245760Kb used=8465Kb max_used=10474Kb free=237294Kb
 bounds [0x0000000003680000, 0x0000000004100000, 0x0000000012680000]
 total_blobs=2313 nmethods=2035 adapters=191
 compilation: enabled

Compilation events (10 events):
Event: 215.891 Thread 0x0000000017fbc000 2634   !   4       com.android.dx.cf.code.Ropper::doit (126 bytes)
Event: 215.900 Thread 0x000000001801d000 2639       2       com.android.dx.cf.code.BasicBlocker::visitSwitch (64 bytes)
Event: 215.901 Thread 0x000000001801d000 nmethod 2639 0x00000000039de710 code [0x00000000039de8c0, 0x00000000039dedd8]
Event: 215.901 Thread 0x000000001801d000 2640       2       com.android.dx.dex.code.RopTranslator$TranslationVisitor::visitSwitchInsn (237 bytes)
Event: 215.903 Thread 0x000000001801d000 nmethod 2640 0x00000000038c2850 code [0x00000000038c2ac0, 0x00000000038c34b8]
Event: 215.912 Thread 0x000000001801d000 2649       3       com.android.dx.util.Hex::u2 (44 bytes)
Event: 215.912 Thread 0x000000001801d000 nmethod 2649 0x000000000387c710 code [0x000000000387c8c0, 0x000000000387cf38]
Event: 215.914 Thread 0x000000001801d000 2651       2       com.android.dx.dex.file.AnnotationUtils::makeMemberClasses (40 bytes)
Event: 215.915 Thread 0x000000001801d000 nmethod 2651 0x0000000003ca9510 code [0x0000000003ca96c0, 0x0000000003ca9a28]
Event: 215.930 Thread 0x000000001801d000 2661       3       com.android.dx.ssa.PhiTypeResolver::resolveResultType (308 bytes)

GC Heap History (10 events):
Event: 214.977 GC heap before
{Heap before GC invocations=1068 (full 1040):
 PSYoungGen      total 78336K, used 62463K [0x00000000eab00000, 0x00000000f0800000, 0x0000000100000000)
  eden space 62464K, 99% used [0x00000000eab00000,0x00000000ee7ffff8,0x00000000ee800000)
  from space 15872K, 0% used [0x00000000ef880000,0x00000000ef880000,0x00000000f0800000)
  to   space 16384K, 0% used [0x00000000ee800000,0x00000000ee800000,0x00000000ef800000)
 ParOldGen       total 138752K, used 138634K [0x00000000c0000000, 0x00000000c8780000, 0x00000000eab00000)
  object space 138752K, 99% used [0x00000000c0000000,0x00000000c8762a40,0x00000000c8780000)
 Metaspace       used 6734K, capacity 7384K, committed 7680K, reserved 1056768K
  class space    used 614K, capacity 656K, committed 768K, reserved 1048576K
Event: 215.178 GC heap after
Heap after GC invocations=1068 (full 1040):
 PSYoungGen      total 78336K, used 62463K [0x00000000eab00000, 0x00000000f0800000, 0x0000000100000000)
  eden space 62464K, 99% used [0x00000000eab00000,0x00000000ee7ffff8,0x00000000ee800000)
  from space 15872K, 0% used [0x00000000ef880000,0x00000000ef880000,0x00000000f0800000)
  to   space 16384K, 0% used [0x00000000ee800000,0x00000000ee800000,0x00000000ef800000)
 ParOldGen       total 138752K, used 138634K [0x00000000c0000000, 0x00000000c8780000, 0x00000000eab00000)
  object space 138752K, 99% used [0x00000000c0000000,0x00000000c87629b0,0x00000000c8780000)
 Metaspace       used 6734K, capacity 7384K, committed 7680K, reserved 1056768K
  class space    used 614K, capacity 656K, committed 768K, reserved 1048576K
}
Event: 215.179 GC heap before
{Heap before GC invocations=1069 (full 1041):
 PSYoungGen      total 78336K, used 62463K [0x00000000eab00000, 0x00000000f0800000, 0x0000000100000000)
  eden space 62464K, 99% used [0x00000000eab00000,0x00000000ee7ffff8,0x00000000ee800000)
  from space 15872K, 0% used [0x00000000ef880000,0x00000000ef880000,0x00000000f0800000)
  to   space 16384K, 0% used [0x00000000ee800000,0x00000000ee800000,0x00000000ef800000)
 ParOldGen       total 138752K, used 138636K [0x00000000c0000000, 0x00000000c8780000, 0x00000000eab00000)
  object space 138752K, 99% used [0x00000000c0000000,0x00000000c8763380,0x00000000c8780000)
 Metaspace       used 6734K, capacity 7384K, committed 7680K, reserved 1056768K
  class space    used 614K, capacity 656K, committed 768K, reserved 1048576K
Event: 215.375 GC heap after
Heap after GC invocations=1069 (full 1041):
 PSYoungGen      total 78336K, used 62463K [0x00000000eab00000, 0x00000000f0800000, 0x0000000100000000)
  eden space 62464K, 99% used [0x00000000eab00000,0x00000000ee7ffff8,0x00000000ee800000)
  from space 15872K, 0% used [0x00000000ef880000,0x00000000ef880000,0x00000000f0800000)
  to   space 16384K, 0% used [0x00000000ee800000,0x00000000ee800000,0x00000000ef800000)
 ParOldGen       total 138752K, used 138636K [0x00000000c0000000, 0x00000000c8780000, 0x00000000eab00000)
  object space 138752K, 99% used [0x00000000c0000000,0x00000000c8763020,0x00000000c8780000)
 Metaspace       used 6734K, capacity 7384K, committed 7680K, reserved 1056768K
  class space    used 614K, capacity 656K, committed 768K, reserved 1048576K
}
Event: 215.376 GC heap before
{Heap before GC invocations=1070 (full 1042):
 PSYoungGen      total 78336K, used 62463K [0x00000000eab00000, 0x00000000f0800000, 0x0000000100000000)
  eden space 62464K, 99% used [0x00000000eab00000,0x00000000ee7ffff8,0x00000000ee800000)
  from space 15872K, 0% used [0x00000000ef880000,0x00000000ef880000,0x00000000f0800000)
  to   space 16384K, 0% used [0x00000000ee800000,0x00000000ee800000,0x00000000ef800000)
 ParOldGen       total 138752K, used 138638K [0x00000000c0000000, 0x00000000c8780000, 0x00000000eab00000)
  object space 138752K, 99% used [0x00000000c0000000,0x00000000c8763ad0,0x00000000c8780000)
 Metaspace       used 6734K, capacity 7384K, committed 7680K, reserved 1056768K
  class space    used 614K, capacity 656K, committed 768K, reserved 1048576K
Event: 215.587 GC heap after
Heap after GC invocations=1070 (full 1042):
 PSYoungGen      total 78336K, used 62463K [0x00000000eab00000, 0x00000000f0800000, 0x0000000100000000)
  eden space 62464K, 99% used [0x00000000eab00000,0x00000000ee7ffff8,0x00000000ee800000)
  from space 15872K, 0% used [0x00000000ef880000,0x00000000ef880000,0x00000000f0800000)
  to   space 16384K, 0% used [0x00000000ee800000,0x00000000ee800000,0x00000000ef800000)
 ParOldGen       total 138752K, used 138636K [0x00000000c0000000, 0x00000000c8780000, 0x00000000eab00000)
  object space 138752K, 99% used [0x00000000c0000000,0x00000000c8763228,0x00000000c8780000)
 Metaspace       used 6734K, capacity 7384K, committed 7680K, reserved 1056768K
  class space    used 614K, capacity 656K, committed 768K, reserved 1048576K
}
Event: 215.588 GC heap before
{Heap before GC invocations=1071 (full 1043):
 PSYoungGen      total 78336K, used 62463K [0x00000000eab00000, 0x00000000f0800000, 0x0000000100000000)
  eden space 62464K, 99% used [0x00000000eab00000,0x00000000ee7ffff8,0x00000000ee800000)
  from space 15872K, 0% used [0x00000000ef880000,0x00000000ef880000,0x00000000f0800000)
  to   space 16384K, 0% used [0x00000000ee800000,0x00000000ee800000,0x00000000ef800000)
 ParOldGen       total 138752K, used 138639K [0x00000000c0000000, 0x00000000c8780000, 0x00000000eab00000)
  object space 138752K, 99% used [0x00000000c0000000,0x00000000c8763d00,0x00000000c8780000)
 Metaspace       used 6734K, capacity 7384K, committed 7680K, reserved 1056768K
  class space    used 614K, capacity 656K, committed 768K, reserved 1048576K
Event: 215.798 GC heap after
Heap after GC invocations=1071 (full 1043):
 PSYoungGen      total 78336K, used 62463K [0x00000000eab00000, 0x00000000f0800000, 0x0000000100000000)
  eden space 62464K, 99% used [0x00000000eab00000,0x00000000ee7ffff8,0x00000000ee800000)
  from space 15872K, 0% used [0x00000000ef880000,0x00000000ef880000,0x00000000f0800000)
  to   space 16384K, 0% used [0x00000000ee800000,0x00000000ee800000,0x00000000ef800000)
 ParOldGen       total 699392K, used 138635K [0x00000000c0000000, 0x00000000eab00000, 0x00000000eab00000)
  object space 699392K, 19% used [0x00000000c0000000,0x00000000c8762dd8,0x00000000eab00000)
 Metaspace       used 6734K, capacity 7384K, committed 7680K, reserved 1056768K
  class space    used 614K, capacity 656K, committed 768K, reserved 1048576K
}
Event: 215.799 GC heap before
{Heap before GC invocations=1072 (full 1043):
 PSYoungGen      total 78336K, used 62463K [0x00000000eab00000, 0x00000000f0800000, 0x0000000100000000)
  eden space 62464K, 99% used [0x00000000eab00000,0x00000000ee7ffff8,0x00000000ee800000)
  from space 15872K, 0% used [0x00000000ef880000,0x00000000ef880000,0x00000000f0800000)
  to   space 16384K, 0% used [0x00000000ee800000,0x00000000ee800000,0x00000000ef800000)
 ParOldGen       total 699392K, used 138636K [0x00000000c0000000, 0x00000000eab00000, 0x00000000eab00000)
  object space 699392K, 19% used [0x00000000c0000000,0x00000000c87633c0,0x00000000eab00000)
 Metaspace       used 6734K, capacity 7384K, committed 7680K, reserved 1056768K
  class space    used 614K, capacity 656K, committed 768K, reserved 1048576K
Event: 215.870 GC heap after
Heap after GC invocations=1072 (full 1043):
 PSYoungGen      total 78848K, used 16384K [0x00000000eab00000, 0x00000000f0800000, 0x0000000100000000)
  eden space 62464K, 0% used [0x00000000eab00000,0x00000000eab00000,0x00000000ee800000)
  from space 16384K, 100% used [0x00000000ee800000,0x00000000ef800000,0x00000000ef800000)
  to   space 15872K, 0% used [0x00000000ef880000,0x00000000ef880000,0x00000000f0800000)
 ParOldGen       total 699392K, used 185169K [0x00000000c0000000, 0x00000000eab00000, 0x00000000eab00000)
  object space 699392K, 26% used [0x00000000c0000000,0x00000000cb4d4738,0x00000000eab00000)
 Metaspace       used 6734K, capacity 7384K, committed 7680K, reserved 1056768K
  class space    used 614K, capacity 656K, committed 768K, reserved 1048576K
}

Deoptimization events (10 events):
Event: 3.139 Thread 0x000000000135e800 Uncommon trap: reason=class_check action=maybe_recompile pc=0x0000000003e9e2d4 method=java.util.concurrent.ConcurrentHashMap.get(Ljava/lang/Object;)Ljava/lang/Object; @ 93
Event: 3.236 Thread 0x0000000018e23800 Uncommon trap: reason=unstable_if action=reinterpret pc=0x0000000003ebf53c method=java.util.concurrent.ConcurrentHashMap.get(Ljava/lang/Object;)Ljava/lang/Object; @ 86
Event: 3.511 Thread 0x0000000018e23800 Uncommon trap: reason=unstable_if action=reinterpret pc=0x0000000003f16104 method=java.util.HashMap.putVal(ILjava/lang/Object;Ljava/lang/Object;ZZ)Ljava/lang/Object; @ 162
Event: 4.579 Thread 0x000000000135e800 Uncommon trap: reason=class_check action=maybe_recompile pc=0x0000000003eb051c method=java.util.HashMap.getNode(ILjava/lang/Object;)Ljava/util/HashMap$Node; @ 126
Event: 4.579 Thread 0x000000000135e800 Uncommon trap: reason=class_check action=maybe_recompile pc=0x0000000003eb051c method=java.util.HashMap.getNode(ILjava/lang/Object;)Ljava/util/HashMap$Node; @ 126
Event: 4.747 Thread 0x0000000018e23800 Uncommon trap: reason=class_check action=maybe_recompile pc=0x0000000003eb051c method=java.util.HashMap.getNode(ILjava/lang/Object;)Ljava/util/HashMap$Node; @ 126
Event: 4.751 Thread 0x000000000135e800 Uncommon trap: reason=unstable_if action=reinterpret pc=0x000000000400c420 method=com.android.dx.rop.code.RegisterSpec.equals(ILcom/android/dx/rop/type/TypeBearer;Lcom/android/dx/rop/code/LocalItem;)Z @ 42
Event: 10.533 Thread 0x0000000018e23800 Uncommon trap: reason=unstable_if action=reinterpret pc=0x000000000387f174 method=java.util.HashMap.getNode(ILjava/lang/Object;)Ljava/util/HashMap$Node; @ 84
Event: 215.874 Thread 0x000000000135e800 Uncommon trap: reason=class_check action=maybe_recompile pc=0x00000000039a9a78 method=com.android.dx.ssa.SCCP.replaceConstants()V @ 182
Event: 215.878 Thread 0x000000000135e800 Uncommon trap: reason=class_check action=maybe_recompile pc=0x00000000039a9a78 method=com.android.dx.ssa.SCCP.replaceConstants()V @ 182

Classes redefined (0 events):
No events

Internal exceptions (6 events):
Event: 0.049 Thread 0x000000000135e800 Exception <a 'java/lang/NoSuchMethodError': Method sun.misc.Unsafe.defineClass(Ljava/lang/String;[BII)Ljava/lang/Class; name or signature does not match> (0x00000000eab07cb0) thrown at [D:\j\worksp~1\openjd~3\jdk8u\hotspot\src\share\vm\prims\jni.cpp, line
Event: 0.049 Thread 0x000000000135e800 Exception <a 'java/lang/NoSuchMethodError': Method sun.misc.Unsafe.prefetchRead(Ljava/lang/Object;J)V name or signature does not match> (0x00000000eab07f98) thrown at [D:\j\worksp~1\openjd~3\jdk8u\hotspot\src\share\vm\prims\jni.cpp, line 4012]
Event: 1.337 Thread 0x000000000135e800 Implicit null exception at 0x000000000391e322 to 0x000000000391e41a
Event: 3.137 Thread 0x000000000135e800 Exception <a 'java/lang/ArrayIndexOutOfBoundsException': 18> (0x00000000eab9c4b8) thrown at [D:\j\worksp~1\openjd~3\jdk8u\hotspot\src\share\vm\interpreter\interpreterRuntime.cpp, line 368]
Event: 3.137 Thread 0x000000000135e800 Exception <a 'java/lang/ArrayIndexOutOfBoundsException': 145> (0x00000000eab9e038) thrown at [D:\j\worksp~1\openjd~3\jdk8u\hotspot\src\share\vm\interpreter\interpreterRuntime.cpp, line 368]
Event: 3.138 Thread 0x000000000135e800 Exception <a 'java/lang/ArrayIndexOutOfBoundsException'> (0x00000000eab9f320) thrown at [D:\j\worksp~1\openjd~3\jdk8u\hotspot\src\share\vm\runtime\sharedRuntime.cpp, line 605]

Events (10 events):
Event: 215.913 Thread 0x000000001801d000 flushing nmethod 0x0000000003a2bf50
Event: 215.913 Thread 0x000000001801d000 flushing nmethod 0x0000000003a40790
Event: 215.913 Thread 0x000000001801d000 flushing nmethod 0x0000000003a4cfd0
Event: 215.913 Thread 0x000000001801d000 flushing nmethod 0x0000000003a60450
Event: 215.915 Thread 0x000000001801d000 flushing nmethod 0x0000000003abb5d0
Event: 215.915 Thread 0x000000001801d000 flushing nmethod 0x0000000003ae4d10
Event: 215.915 Thread 0x000000001801d000 flushing nmethod 0x0000000003af1b50
Event: 215.915 Thread 0x000000001801d000 flushing nmethod 0x0000000003af8cd0
Event: 215.915 Thread 0x000000001801d000 flushing nmethod 0x0000000003b01a50
Event: 215.915 Thread 0x000000001801d000 flushing nmethod 0x0000000003b02410


Dynamic libraries:
0x00007ff651650000 - 0x00007ff651685000 	C:\Program Files\Android\Jdk\microsoft_dist_openjdk_1.8.0.25\bin\java.exe
0x00007ffd65b50000 - 0x00007ffd65d3d000 	C:\WINDOWS\SYSTEM32\ntdll.dll
0x00007ffd63070000 - 0x00007ffd63123000 	C:\WINDOWS\System32\KERNEL32.DLL
0x00007ffd62aa0000 - 0x00007ffd62d33000 	C:\WINDOWS\System32\KERNELBASE.dll
0x00007ffd63460000 - 0x00007ffd63503000 	C:\WINDOWS\System32\ADVAPI32.dll
0x00007ffd62d70000 - 0x00007ffd62e0e000 	C:\WINDOWS\System32\msvcrt.dll
0x00007ffd62e10000 - 0x00007ffd62eae000 	C:\WINDOWS\System32\sechost.dll
0x00007ffd63330000 - 0x00007ffd63452000 	C:\WINDOWS\System32\RPCRT4.dll
0x00007ffd63190000 - 0x00007ffd63327000 	C:\WINDOWS\System32\USER32.dll
0x00007ffd62040000 - 0x00007ffd62060000 	C:\WINDOWS\System32\win32u.dll
0x00007ffd63130000 - 0x00007ffd63159000 	C:\WINDOWS\System32\GDI32.dll
0x00007ffd61da0000 - 0x00007ffd61f39000 	C:\WINDOWS\System32\gdi32full.dll
0x00007ffd61d00000 - 0x00007ffd61da0000 	C:\WINDOWS\System32\msvcp_win.dll
0x00007ffd61f40000 - 0x00007ffd6203a000 	C:\WINDOWS\System32\ucrtbase.dll
0x00007ffd4f2c0000 - 0x00007ffd4f539000 	C:\WINDOWS\WinSxS\amd64_microsoft.windows.common-controls_6595b64144ccf1df_6.0.17763.864_none_05b3441807210760\COMCTL32.dll
0x00007ffd63890000 - 0x00007ffd63bbc000 	C:\WINDOWS\System32\combase.dll
0x00007ffd61c10000 - 0x00007ffd61c8e000 	C:\WINDOWS\System32\bcryptPrimitives.dll
0x00007ffd63160000 - 0x00007ffd6318e000 	C:\WINDOWS\System32\IMM32.DLL
0x0000000050780000 - 0x0000000050851000 	C:\Program Files\Android\Jdk\microsoft_dist_openjdk_1.8.0.25\jre\bin\msvcr100.dll
0x00000000771d0000 - 0x0000000077a15000 	C:\Program Files\Android\Jdk\microsoft_dist_openjdk_1.8.0.25\jre\bin\server\jvm.dll
0x00007ffd65930000 - 0x00007ffd65938000 	C:\WINDOWS\System32\PSAPI.DLL
0x00007ffd48fe0000 - 0x00007ffd48fe9000 	C:\WINDOWS\SYSTEM32\WSOCK32.dll
0x00007ffd5f070000 - 0x00007ffd5f094000 	C:\WINDOWS\SYSTEM32\WINMM.dll
0x00007ffd606d0000 - 0x00007ffd606da000 	C:\WINDOWS\SYSTEM32\VERSION.dll
0x00007ffd63bc0000 - 0x00007ffd63c2d000 	C:\WINDOWS\System32\WS2_32.dll
0x00007ffd5f040000 - 0x00007ffd5f06d000 	C:\WINDOWS\SYSTEM32\WINMMBASE.dll
0x00007ffd61c90000 - 0x00007ffd61cda000 	C:\WINDOWS\System32\cfgmgr32.dll
0x00007ffd4d890000 - 0x00007ffd4d89f000 	C:\Program Files\Android\Jdk\microsoft_dist_openjdk_1.8.0.25\jre\bin\verify.dll
0x00007ffd38b60000 - 0x00007ffd38b89000 	C:\Program Files\Android\Jdk\microsoft_dist_openjdk_1.8.0.25\jre\bin\java.dll
0x00007ffd39400000 - 0x00007ffd39416000 	C:\Program Files\Android\Jdk\microsoft_dist_openjdk_1.8.0.25\jre\bin\zip.dll
0x00007ffd64350000 - 0x00007ffd65844000 	C:\WINDOWS\System32\SHELL32.dll
0x00007ffd65a50000 - 0x00007ffd65af8000 	C:\WINDOWS\System32\shcore.dll
0x00007ffd62350000 - 0x00007ffd62a9d000 	C:\WINDOWS\System32\windows.storage.dll
0x00007ffd61b60000 - 0x00007ffd61b84000 	C:\WINDOWS\System32\profapi.dll
0x00007ffd61b90000 - 0x00007ffd61bed000 	C:\WINDOWS\System32\powrprof.dll
0x00007ffd65940000 - 0x00007ffd65992000 	C:\WINDOWS\System32\shlwapi.dll
0x00007ffd61b40000 - 0x00007ffd61b51000 	C:\WINDOWS\System32\kernel.appcore.dll
0x00007ffd61ce0000 - 0x00007ffd61cf7000 	C:\WINDOWS\System32\cryptsp.dll

VM Arguments:
jvm_args: -Dfile.encoding=UTF8 -Xmx1G 
java_command: C:\Program Files (x86)\Android\android-sdk\build-tools\28.0.3\\lib\dx.jar --dex --no-strict --input-list=C:\Users\Sunits\AppData\Local\Temp\tmpA2D.tmp --output obj\Debug\90\android\bin
java_class_path (initial): C:\Program Files (x86)\Android\android-sdk\build-tools\28.0.3\\lib\dx.jar
Launcher Type: SUN_STANDARD

Environment Variables:
PATH=C:\Program Files\Android\Jdk\microsoft_dist_openjdk_1.8.0.25\bin;C:\Program Files (x86)\Razer Chroma SDK\bin;C:\Program Files\Razer Chroma SDK\bin;C:\Program Files (x86)\Razer\ChromaBroadcast\bin;C:\Program Files\Razer\ChromaBroadcast\bin;C:\Program Files (x86)\Intel\Intel(R) Management Engine Components\iCLS\;C:\Program Files\Intel\Intel(R) Management Engine Components\iCLS\;C:\WINDOWS\system32;C:\WINDOWS;C:\WINDOWS\System32\Wbem;C:\WINDOWS\System32\WindowsPowerShell\v1.0\;C:\WINDOWS\System32\OpenSSH\;C:\Program Files (x86)\Intel\Intel(R) Management Engine Components\DAL;C:\Program Files\Intel\Intel(R) Management Engine Components\DAL;C:\Program Files\Intel\WiFi\bin\;C:\Program Files\Common Files\Intel\WirelessCommon\;C:\Program Files\dotnet\;C:\Program Files\Microsoft SQL Server\Client SDK\ODBC\170\Tools\Binn\;D:\Users\TortoiseSVN\bin;C:\Program Files (x86)\Microsoft SQL Server\110\Tools\Binn\ManagementStudio\;C:\Program Files (x86)\Microsoft SQL Server\110\Tools\Binn\;C:\Program Files\Microsoft SQL Server\110\Tools\Binn\;C:\Program Files (x86)\Microsoft SQL Server\110\DTS\Binn\;C:\Program Files\Microsoft SQL Server\130\Tools\Binn\;C:\Users\Sunits\AppData\Local\Microsoft\WindowsApps;C:\Users\Sunits\.dotnet\tools;D:\Users\Git\cmd;D:\Users\GitExtensions\;D:\安卓APP\解析java包\ikvm-7.2.4630.5\bin;C:\Users\Sunits\AppData\Local\Microsoft\WindowsApps;
USERNAME=Sunits
OS=Windows_NT
PROCESSOR_IDENTIFIER=Intel64 Family 6 Model 142 Stepping 10, GenuineIntel



---------------  S Y S T E M  ---------------

OS: Windows 10.0 , 64 bit Build 17763 (10.0.17763.475)

CPU:total 8 (initial active 8) (4 cores per cpu, 2 threads per core) family 6 model 142 stepping 10, cmov, cx8, fxsr, mmx, sse, sse2, sse3, ssse3, sse4.1, sse4.2, popcnt, avx, avx2, aes, clmul, erms, 3dnowpref, lzcnt, ht, tsc, tscinvbit, bmi1, bmi2, adx

Memory: 4k page, physical 8234840k(500896k free), swap 21341908k(2092k free)

vm_info: OpenJDK 64-Bit Server VM (25.71-b00) for windows-amd64 JRE (1.8.0-25-microsoft-b00), built on Feb  7 2019 20:09:14 by "builder" with MS VC++ 10.0 (VS2010)

time: Wed Dec 11 18:28:01 2019
timezone: 中国标准时间
elapsed time: 215 seconds (0d 0h 3m 35s)

