#
# There is insufficient memory for the Java Runtime Environment to continue.
# Native memory allocation (malloc) failed to allocate 1059376 bytes for Chunk::new
# Possible reasons:
#   The system is out of physical RAM or swap space
#   The process is running with CompressedOops enabled, and the Java Heap may be blocking the growth of the native heap
# Possible solutions:
#   Reduce memory load on the system
#   Increase physical memory or swap space
#   Check if swap backing store is full
#   Decrease Java heap size (-Xmx/-Xms)
#   Decrease number of Java threads
#   Decrease Java thread stack sizes (-Xss)
#   Set larger code cache with -XX:ReservedCodeCacheSize=
#   JVM is running with Unscaled Compressed Oops mode in which the Java heap is
#     placed in the first 4GB address space. The Java Heap base address is the
#     maximum limit for the native heap growth. Please use -XX:HeapBaseMinAddress
#     to set the Java Heap base and to place the Java Heap above 4GB virtual address.
# This output file may be truncated or incomplete.
#
#  Out of Memory Error (allocation.cpp:389), pid=89080, tid=0x00000000000126a8
#
# JRE version: OpenJDK Runtime Environment (8.0) (build 1.8.0-25-microsoft-b00)
# Java VM: OpenJDK 64-Bit Server VM (25.71-b00 mixed mode windows-amd64 compressed oops)
# Failed to write core dump. Minidumps are not enabled by default on client versions of Windows
#

---------------  T H R E A D  ---------------

Current thread (0x00000000172f7000):  JavaThread "C2 CompilerThread1" daemon [_thread_in_native, id=75432, stack(0x0000000017bc0000,0x0000000017cc0000)]

Stack: [0x0000000017bc0000,0x0000000017cc0000]
[error occurred during error reporting (printing stack bounds), id 0xc0000005]

Native frames: (J=compiled Java code, j=interpreted, Vv=VM code, C=native code)


Current CompileTask:
C2:  14813 3295       4       com.android.dx.dex.file.DebugInfoEncoder::convert0 (246 bytes)


---------------  P R O C E S S  ---------------

Java Threads: ( => current thread )
  0x000000001737b800 JavaThread "Service Thread" daemon [_thread_blocked, id=82360, stack(0x0000000017ec0000,0x0000000017fc0000)]
  0x0000000017329800 JavaThread "C1 CompilerThread3" daemon [_thread_in_vm, id=43800, stack(0x0000000017dc0000,0x0000000017ec0000)]
  0x00000000172fa000 JavaThread "C2 CompilerThread2" daemon [_thread_in_native, id=15724, stack(0x0000000017cc0000,0x0000000017dc0000)]
=>0x00000000172f7000 JavaThread "C2 CompilerThread1" daemon [_thread_in_native, id=75432, stack(0x0000000017bc0000,0x0000000017cc0000)]
  0x00000000172ec800 JavaThread "C2 CompilerThread0" daemon [_thread_in_native, id=85092, stack(0x0000000017ac0000,0x0000000017bc0000)]
  0x000000001729a000 JavaThread "Attach Listener" daemon [_thread_blocked, id=88988, stack(0x00000000179c0000,0x0000000017ac0000)]
  0x0000000017299800 JavaThread "Signal Dispatcher" daemon [_thread_blocked, id=86000, stack(0x00000000178c0000,0x00000000179c0000)]
  0x000000000294e000 JavaThread "Finalizer" daemon [_thread_blocked, id=83672, stack(0x0000000017760000,0x0000000017860000)]
  0x0000000017280800 JavaThread "Reference Handler" daemon [_thread_blocked, id=82352, stack(0x0000000017660000,0x0000000017760000)]
  0x000000000284e800 JavaThread "main" [_thread_in_vm, id=83280, stack(0x0000000002700000,0x0000000002800000)]

Other Threads:
  0x0000000015469000 VMThread [stack: 0x0000000017160000,0x0000000017260000] [id=36948]
  0x000000001737c000 WatcherThread [stack: 0x0000000017fc0000,0x00000000180c0000] [id=90544]

VM state:not at safepoint (normal execution)

VM Mutex/Monitor currently owned by a thread: None

heap address: 0x00000000c0000000, size: 1024 MB, Compressed Oops mode: 32-bit
Narrow klass base: 0x0000000000000000, Narrow klass shift: 3
Compressed class space size: 1073741824 Address: 0x0000000100000000

Heap:
 PSYoungGen      total 287232K, used 95349K [0x00000000eab00000, 0x0000000100000000, 0x0000000100000000)
  eden space 250880K, 38% used [0x00000000eab00000,0x00000000f081d758,0x00000000fa000000)
  from space 36352K, 0% used [0x00000000fa000000,0x00000000fa000000,0x00000000fc380000)
  to   space 53760K, 0% used [0x00000000fcb80000,0x00000000fcb80000,0x0000000100000000)
 ParOldGen       total 86016K, used 85868K [0x00000000c0000000, 0x00000000c5400000, 0x00000000eab00000)
  object space 86016K, 99% used [0x00000000c0000000,0x00000000c53db008,0x00000000c5400000)
 Metaspace       used 7273K, capacity 7864K, committed 8192K, reserved 1056768K
  class space    used 634K, capacity 688K, committed 768K, reserved 1048576K

Card table byte_map: [0x0000000011d10000,0x0000000011f20000] byte_map_base: 0x0000000011710000

Marking Bits: (ParMarkBitMap*) 0x00000000648f8f30
 Begin Bits: [0x0000000012880000, 0x0000000013880000)
 End Bits:   [0x0000000013880000, 0x0000000014880000)

Polling page: 0x0000000000620000

CodeCache: size=245760Kb used=12315Kb max_used=13969Kb free=233444Kb
 bounds [0x0000000002950000, 0x0000000003700000, 0x0000000011950000]
 total_blobs=3198 nmethods=2920 adapters=191
 compilation: enabled

Compilation events (10 events):
Event: 14.808 Thread 0x0000000017329800 nmethod 3398 0x0000000002f26ed0 code [0x0000000002f27060, 0x0000000002f27398]
Event: 14.808 Thread 0x0000000017329800 3399       1       com.android.dx.dex.code.Dop::getFamily (5 bytes)
Event: 14.808 Thread 0x0000000017329800 nmethod 3399 0x0000000002fac7d0 code [0x0000000002fac920, 0x0000000002faca30]
Event: 14.808 Thread 0x0000000017329800 3400       3       com.android.dx.dex.code.InsnFormat::write (15 bytes)
Event: 14.808 Thread 0x0000000017329800 nmethod 3400 0x0000000002e7f050 code [0x0000000002e7f1c0, 0x0000000002e7f3f8]
Event: 14.808 Thread 0x0000000017329800 3401       3       com.android.dx.dex.code.InsnFormat::write (8 bytes)
Event: 14.808 Thread 0x0000000017329800 nmethod 3401 0x0000000002bd5750 code [0x0000000002bd58c0, 0x0000000002bd5a68]
Event: 14.809 Thread 0x0000000017329800 3402       3       com.android.dx.dex.code.DalvInsnList::getOutsSize (209 bytes)
Event: 14.810 Thread 0x0000000017329800 nmethod 3402 0x0000000002f21850 code [0x0000000002f21b80, 0x0000000002f24048]
Event: 14.810 Thread 0x0000000017329800 3403   !   3       com.android.dx.dex.code.DalvInsnList::writeTo (254 bytes)

GC Heap History (10 events):
Event: 8.226 GC heap before
{Heap before GC invocations=15 (full 6):
 PSYoungGen      total 287232K, used 250880K [0x00000000eab00000, 0x0000000100000000, 0x0000000100000000)
  eden space 250880K, 100% used [0x00000000eab00000,0x00000000fa000000,0x00000000fa000000)
  from space 36352K, 0% used [0x00000000fa000000,0x00000000fa000000,0x00000000fc380000)
  to   space 53760K, 0% used [0x00000000fcb80000,0x00000000fcb80000,0x0000000100000000)
 ParOldGen       total 86016K, used 85880K [0x00000000c0000000, 0x00000000c5400000, 0x00000000eab00000)
  object space 86016K, 99% used [0x00000000c0000000,0x00000000c53de090,0x00000000c5400000)
 Metaspace       used 6748K, capacity 7384K, committed 7680K, reserved 1056768K
  class space    used 614K, capacity 656K, committed 768K, reserved 1048576K
Event: 8.920 GC heap after
Heap after GC invocations=15 (full 6):
 PSYoungGen      total 287232K, used 146580K [0x00000000eab00000, 0x0000000100000000, 0x0000000100000000)
  eden space 250880K, 58% used [0x00000000eab00000,0x00000000f3a25298,0x00000000fa000000)
  from space 36352K, 0% used [0x00000000fa000000,0x00000000fa000000,0x00000000fc380000)
  to   space 53760K, 0% used [0x00000000fcb80000,0x00000000fcb80000,0x0000000100000000)
 ParOldGen       total 86016K, used 85879K [0x00000000c0000000, 0x00000000c5400000, 0x00000000eab00000)
  object space 86016K, 99% used [0x00000000c0000000,0x00000000c53ddd10,0x00000000c5400000)
 Metaspace       used 6748K, capacity 7384K, committed 7680K, reserved 1056768K
  class space    used 614K, capacity 656K, committed 768K, reserved 1048576K
}
Event: 9.151 GC heap before
{Heap before GC invocations=16 (full 7):
 PSYoungGen      total 287232K, used 250880K [0x00000000eab00000, 0x0000000100000000, 0x0000000100000000)
  eden space 250880K, 100% used [0x00000000eab00000,0x00000000fa000000,0x00000000fa000000)
  from space 36352K, 0% used [0x00000000fa000000,0x00000000fa000000,0x00000000fc380000)
  to   space 53760K, 0% used [0x00000000fcb80000,0x00000000fcb80000,0x0000000100000000)
 ParOldGen       total 86016K, used 85879K [0x00000000c0000000, 0x00000000c5400000, 0x00000000eab00000)
  object space 86016K, 99% used [0x00000000c0000000,0x00000000c53ddd10,0x00000000c5400000)
 Metaspace       used 6748K, capacity 7384K, committed 7680K, reserved 1056768K
  class space    used 614K, capacity 656K, committed 768K, reserved 1048576K
Event: 9.783 GC heap after
Heap after GC invocations=16 (full 7):
 PSYoungGen      total 287232K, used 161882K [0x00000000eab00000, 0x0000000100000000, 0x0000000100000000)
  eden space 250880K, 64% used [0x00000000eab00000,0x00000000f4916850,0x00000000fa000000)
  from space 36352K, 0% used [0x00000000fa000000,0x00000000fa000000,0x00000000fc380000)
  to   space 53760K, 0% used [0x00000000fcb80000,0x00000000fcb80000,0x0000000100000000)
 ParOldGen       total 86016K, used 85878K [0x00000000c0000000, 0x00000000c5400000, 0x00000000eab00000)
  object space 86016K, 99% used [0x00000000c0000000,0x00000000c53dda70,0x00000000c5400000)
 Metaspace       used 6748K, capacity 7384K, committed 7680K, reserved 1056768K
  class space    used 614K, capacity 656K, committed 768K, reserved 1048576K
}
Event: 9.938 GC heap before
{Heap before GC invocations=17 (full 8):
 PSYoungGen      total 287232K, used 250880K [0x00000000eab00000, 0x0000000100000000, 0x0000000100000000)
  eden space 250880K, 100% used [0x00000000eab00000,0x00000000fa000000,0x00000000fa000000)
  from space 36352K, 0% used [0x00000000fa000000,0x00000000fa000000,0x00000000fc380000)
  to   space 53760K, 0% used [0x00000000fcb80000,0x00000000fcb80000,0x0000000100000000)
 ParOldGen       total 86016K, used 85878K [0x00000000c0000000, 0x00000000c5400000, 0x00000000eab00000)
  object space 86016K, 99% used [0x00000000c0000000,0x00000000c53dda70,0x00000000c5400000)
 Metaspace       used 6751K, capacity 7384K, committed 7680K, reserved 1056768K
  class space    used 614K, capacity 656K, committed 768K, reserved 1048576K
Event: 10.640 GC heap after
Heap after GC invocations=17 (full 8):
 PSYoungGen      total 287232K, used 174457K [0x00000000eab00000, 0x0000000100000000, 0x0000000100000000)
  eden space 250880K, 69% used [0x00000000eab00000,0x00000000f555e550,0x00000000fa000000)
  from space 36352K, 0% used [0x00000000fa000000,0x00000000fa000000,0x00000000fc380000)
  to   space 53760K, 0% used [0x00000000fcb80000,0x00000000fcb80000,0x0000000100000000)
 ParOldGen       total 86016K, used 85877K [0x00000000c0000000, 0x00000000c5400000, 0x00000000eab00000)
  object space 86016K, 99% used [0x00000000c0000000,0x00000000c53dd710,0x00000000c5400000)
 Metaspace       used 6751K, capacity 7384K, committed 7680K, reserved 1056768K
  class space    used 614K, capacity 656K, committed 768K, reserved 1048576K
}
Event: 11.147 GC heap before
{Heap before GC invocations=18 (full 9):
 PSYoungGen      total 287232K, used 250880K [0x00000000eab00000, 0x0000000100000000, 0x0000000100000000)
  eden space 250880K, 100% used [0x00000000eab00000,0x00000000fa000000,0x00000000fa000000)
  from space 36352K, 0% used [0x00000000fa000000,0x00000000fa000000,0x00000000fc380000)
  to   space 53760K, 0% used [0x00000000fcb80000,0x00000000fcb80000,0x0000000100000000)
 ParOldGen       total 86016K, used 85877K [0x00000000c0000000, 0x00000000c5400000, 0x00000000eab00000)
  object space 86016K, 99% used [0x00000000c0000000,0x00000000c53dd710,0x00000000c5400000)
 Metaspace       used 6851K, capacity 7448K, committed 7680K, reserved 1056768K
  class space    used 618K, capacity 656K, committed 768K, reserved 1048576K
Event: 13.205 GC heap after
Heap after GC invocations=18 (full 9):
 PSYoungGen      total 287232K, used 179410K [0x00000000eab00000, 0x0000000100000000, 0x0000000100000000)
  eden space 250880K, 71% used [0x00000000eab00000,0x00000000f5a348f0,0x00000000fa000000)
  from space 36352K, 0% used [0x00000000fa000000,0x00000000fa000000,0x00000000fc380000)
  to   space 53760K, 0% used [0x00000000fcb80000,0x00000000fcb80000,0x0000000100000000)
 ParOldGen       total 86016K, used 85941K [0x00000000c0000000, 0x00000000c5400000, 0x00000000eab00000)
  object space 86016K, 99% used [0x00000000c0000000,0x00000000c53ed7a0,0x00000000c5400000)
 Metaspace       used 6851K, capacity 7448K, committed 7680K, reserved 1056768K
  class space    used 618K, capacity 656K, committed 768K, reserved 1048576K
}
Event: 13.974 GC heap before
{Heap before GC invocations=19 (full 10):
 PSYoungGen      total 287232K, used 250880K [0x00000000eab00000, 0x0000000100000000, 0x0000000100000000)
  eden space 250880K, 100% used [0x00000000eab00000,0x00000000fa000000,0x00000000fa000000)
  from space 36352K, 0% used [0x00000000fa000000,0x00000000fa000000,0x00000000fc380000)
  to   space 53760K, 0% used [0x00000000fcb80000,0x00000000fcb80000,0x0000000100000000)
 ParOldGen       total 86016K, used 85941K [0x00000000c0000000, 0x00000000c5400000, 0x00000000eab00000)
  object space 86016K, 99% used [0x00000000c0000000,0x00000000c53ed7a0,0x00000000c5400000)
 Metaspace       used 7178K, capacity 7736K, committed 7936K, reserved 1056768K
  class space    used 633K, capacity 688K, committed 768K, reserved 1048576K
Event: 14.570 GC heap after
Heap after GC invocations=19 (full 10):
 PSYoungGen      total 287232K, used 67244K [0x00000000eab00000, 0x0000000100000000, 0x0000000100000000)
  eden space 250880K, 26% used [0x00000000eab00000,0x00000000eecab340,0x00000000fa000000)
  from space 36352K, 0% used [0x00000000fa000000,0x00000000fa000000,0x00000000fc380000)
  to   space 53760K, 0% used [0x00000000fcb80000,0x00000000fcb80000,0x0000000100000000)
 ParOldGen       total 86016K, used 85868K [0x00000000c0000000, 0x00000000c5400000, 0x00000000eab00000)
  object space 86016K, 99% used [0x00000000c0000000,0x00000000c53db008,0x00000000c5400000)
 Metaspace       used 7178K, capacity 7736K, committed 7936K, reserved 1056768K
  class space    used 633K, capacity 688K, committed 768K, reserved 1048576K
}

Deoptimization events (10 events):
Event: 13.587 Thread 0x000000000284e800 Uncommon trap: reason=unstable_if action=reinterpret pc=0x000000000362d474 method=com.android.dx.rop.code.RegisterSpec.matchesVariable(Lcom/android/dx/rop/code/RegisterSpec;)Z @ 59
Event: 13.587 Thread 0x000000000284e800 Uncommon trap: reason=unstable_if action=reinterpret pc=0x00000000035ae1b0 method=com.android.dx.rop.code.RegisterSpec.matchesVariable(Lcom/android/dx/rop/code/RegisterSpec;)Z @ 59
Event: 13.602 Thread 0x000000000284e800 Uncommon trap: reason=unstable_if action=reinterpret pc=0x00000000035bea2c method=com.android.dx.dex.code.LocalList$MakeState.snapshot(ILcom/android/dx/rop/code/RegisterSpecSet;)V @ 86
Event: 13.671 Thread 0x000000000284e800 Uncommon trap: reason=unstable_if action=reinterpret pc=0x0000000003679718 method=com.android.dx.dex.code.LocalList$MakeState.aboutToProcess(II)V @ 54
Event: 13.785 Thread 0x000000000284e800 Uncommon trap: reason=null_check action=make_not_entrant pc=0x000000000369c840 method=com.android.dx.dex.code.LocalList$MakeState.checkForEmptyRange(ILcom/android/dx/rop/code/RegisterSpec;)Z @ 119
Event: 13.883 Thread 0x000000000284e800 Uncommon trap: reason=unstable_if action=reinterpret pc=0x00000000036b74a0 method=com.android.dx.dex.code.LocalList$MakeState.startLocal(ILcom/android/dx/rop/code/RegisterSpec;)V @ 121
Event: 13.970 Thread 0x000000000284e800 Uncommon trap: reason=unstable_if action=reinterpret pc=0x0000000003045468 method=com.android.dx.dex.file.DebugInfoEncoder.emitLocalsAtAddress(I)I @ 137
Event: 14.623 Thread 0x000000000284e800 Uncommon trap: reason=unstable_if action=reinterpret pc=0x00000000030e9cf4 method=java.lang.Long.numberOfTrailingZeros(J)I @ 3
Event: 14.634 Thread 0x000000000284e800 Uncommon trap: reason=unstable_if action=reinterpret pc=0x00000000036fb368 method=com.android.dx.util.ByteArrayAnnotatedOutput.ensureCapacity(I)V @ 6
Event: 14.634 Thread 0x000000000284e800 Uncommon trap: reason=unstable_if action=reinterpret pc=0x00000000035d89dc method=com.android.dx.util.ByteArrayAnnotatedOutput.ensureCapacity(I)V @ 6

Classes redefined (0 events):
No events

Internal exceptions (7 events):
Event: 0.063 Thread 0x000000000284e800 Exception <a 'java/lang/NoSuchMethodError': Method sun.misc.Unsafe.defineClass(Ljava/lang/String;[BII)Ljava/lang/Class; name or signature does not match> (0x00000000eab07cb0) thrown at [D:\j\worksp~1\openjd~3\jdk8u\hotspot\src\share\vm\prims\jni.cpp, line
Event: 0.063 Thread 0x000000000284e800 Exception <a 'java/lang/NoSuchMethodError': Method sun.misc.Unsafe.prefetchRead(Ljava/lang/Object;J)V name or signature does not match> (0x00000000eab07f98) thrown at [D:\j\worksp~1\openjd~3\jdk8u\hotspot\src\share\vm\prims\jni.cpp, line 4012]
Event: 1.018 Thread 0x000000000284e800 Implicit null exception at 0x0000000002bf0522 to 0x0000000002bf061a
Event: 1.870 Thread 0x000000001754f000 Exception <a 'java/lang/ArrayIndexOutOfBoundsException': 18> (0x00000000f21052c8) thrown at [D:\j\worksp~1\openjd~3\jdk8u\hotspot\src\share\vm\interpreter\interpreterRuntime.cpp, line 368]
Event: 1.870 Thread 0x000000001754f000 Exception <a 'java/lang/ArrayIndexOutOfBoundsException': 145> (0x00000000f2106e48) thrown at [D:\j\worksp~1\openjd~3\jdk8u\hotspot\src\share\vm\interpreter\interpreterRuntime.cpp, line 368]
Event: 1.871 Thread 0x000000001754f000 Exception <a 'java/lang/ArrayIndexOutOfBoundsException'> (0x00000000f2108130) thrown at [D:\j\worksp~1\openjd~3\jdk8u\hotspot\src\share\vm\runtime\sharedRuntime.cpp, line 605]
Event: 13.785 Thread 0x000000000284e800 Implicit null exception at 0x000000000369a90b to 0x000000000369c813

Events (10 events):
Event: 14.634 Thread 0x000000000284e800 Uncommon trap: trap_request=0xffffff65 fr.pc=0x00000000036fb368
Event: 14.634 Thread 0x000000000284e800 DEOPT PACKING pc=0x00000000036fb368 sp=0x00000000027fed00
Event: 14.634 Thread 0x000000000284e800 DEOPT UNPACKING pc=0x000000000299557b sp=0x00000000027fec38 mode 2
Event: 14.634 Thread 0x000000000284e800 Uncommon trap: trap_request=0xffffff65 fr.pc=0x00000000035d89dc
Event: 14.634 Thread 0x000000000284e800 DEOPT PACKING pc=0x00000000035d89dc sp=0x00000000027fec90
Event: 14.635 Thread 0x000000000284e800 DEOPT UNPACKING pc=0x000000000299557b sp=0x00000000027fec28 mode 2
Event: 14.671 loading class com/android/dx/dex/file/MapItem
Event: 14.671 loading class com/android/dx/dex/file/MapItem done
Event: 14.689 loading class com/android/dex/DexFormat
Event: 14.689 loading class com/android/dex/DexFormat done


Dynamic libraries:
0x00007ff6e2a90000 - 0x00007ff6e2ac5000 	C:\Program Files\Android\Jdk\microsoft_dist_openjdk_1.8.0.25\bin\java.exe
0x00007ff95b9d0000 - 0x00007ff95bbbd000 	C:\WINDOWS\SYSTEM32\ntdll.dll
0x00007ff95b150000 - 0x00007ff95b203000 	C:\WINDOWS\System32\KERNEL32.DLL
0x00007ff958300000 - 0x00007ff958593000 	C:\WINDOWS\System32\KERNELBASE.dll
0x00007ff95b450000 - 0x00007ff95b4f3000 	C:\WINDOWS\System32\ADVAPI32.dll
0x00007ff958bf0000 - 0x00007ff958c8e000 	C:\WINDOWS\System32\msvcrt.dll
0x00007ff95b210000 - 0x00007ff95b2ae000 	C:\WINDOWS\System32\sechost.dll
0x00007ff958fc0000 - 0x00007ff9590e2000 	C:\WINDOWS\System32\RPCRT4.dll
0x00007ff95b2b0000 - 0x00007ff95b447000 	C:\WINDOWS\System32\USER32.dll
0x00007ff958b50000 - 0x00007ff958b70000 	C:\WINDOWS\System32\win32u.dll
0x00007ff959430000 - 0x00007ff959459000 	C:\WINDOWS\System32\GDI32.dll
0x00007ff9589b0000 - 0x00007ff958b49000 	C:\WINDOWS\System32\gdi32full.dll
0x00007ff957a90000 - 0x00007ff957b30000 	C:\WINDOWS\System32\msvcp_win.dll
0x00007ff9585f0000 - 0x00007ff9586ea000 	C:\WINDOWS\System32\ucrtbase.dll
0x00007ff944500000 - 0x00007ff944779000 	C:\WINDOWS\WinSxS\amd64_microsoft.windows.common-controls_6595b64144ccf1df_6.0.17763.802_none_05b1445c0722d2cc\COMCTL32.dll
0x00007ff958c90000 - 0x00007ff958fbc000 	C:\WINDOWS\System32\combase.dll
0x00007ff958280000 - 0x00007ff9582fe000 	C:\WINDOWS\System32\bcryptPrimitives.dll
0x00007ff95b500000 - 0x00007ff95b52e000 	C:\WINDOWS\System32\IMM32.DLL
0x0000000065b40000 - 0x0000000065c11000 	C:\Program Files\Android\Jdk\microsoft_dist_openjdk_1.8.0.25\jre\bin\msvcr100.dll
0x0000000064130000 - 0x0000000064975000 	C:\Program Files\Android\Jdk\microsoft_dist_openjdk_1.8.0.25\jre\bin\server\jvm.dll
0x00007ff95b750000 - 0x00007ff95b758000 	C:\WINDOWS\System32\PSAPI.DLL
0x00007ff93e650000 - 0x00007ff93e659000 	C:\WINDOWS\SYSTEM32\WSOCK32.dll
0x00007ff9560c0000 - 0x00007ff9560ca000 	C:\WINDOWS\SYSTEM32\VERSION.dll
0x00007ff9552a0000 - 0x00007ff9552c4000 	C:\WINDOWS\SYSTEM32\WINMM.dll
0x00007ff95b0d0000 - 0x00007ff95b13d000 	C:\WINDOWS\System32\WS2_32.dll
0x00007ff9550d0000 - 0x00007ff9550fd000 	C:\WINDOWS\SYSTEM32\WINMMBASE.dll
0x00007ff9585a0000 - 0x00007ff9585ea000 	C:\WINDOWS\System32\cfgmgr32.dll
0x00007ff955e30000 - 0x00007ff955e3f000 	C:\Program Files\Android\Jdk\microsoft_dist_openjdk_1.8.0.25\jre\bin\verify.dll
0x00007ff953640000 - 0x00007ff953669000 	C:\Program Files\Android\Jdk\microsoft_dist_openjdk_1.8.0.25\jre\bin\java.dll
0x00007ff9533e0000 - 0x00007ff9533f6000 	C:\Program Files\Android\Jdk\microsoft_dist_openjdk_1.8.0.25\jre\bin\zip.dll
0x00007ff9596f0000 - 0x00007ff95abe4000 	C:\WINDOWS\System32\SHELL32.dll
0x00007ff95b540000 - 0x00007ff95b5e8000 	C:\WINDOWS\System32\shcore.dll
0x00007ff957b30000 - 0x00007ff95827d000 	C:\WINDOWS\System32\windows.storage.dll
0x00007ff9579c0000 - 0x00007ff9579e4000 	C:\WINDOWS\System32\profapi.dll
0x00007ff957a10000 - 0x00007ff957a6d000 	C:\WINDOWS\System32\powrprof.dll
0x00007ff9593d0000 - 0x00007ff959422000 	C:\WINDOWS\System32\shlwapi.dll
0x00007ff9579f0000 - 0x00007ff957a01000 	C:\WINDOWS\System32\kernel.appcore.dll
0x00007ff958bd0000 - 0x00007ff958be7000 	C:\WINDOWS\System32\cryptsp.dll

VM Arguments:
jvm_args: -Dfile.encoding=UTF8 -Xmx1G 
java_command: C:\Program Files (x86)\Android\android-sdk\build-tools\28.0.3\\lib\dx.jar --dex --no-strict --input-list=C:\Users\Sunits\AppData\Local\Temp\tmp3FC8.tmp --output obj\Debug\90\android\bin
java_class_path (initial): C:\Program Files (x86)\Android\android-sdk\build-tools\28.0.3\\lib\dx.jar
Launcher Type: SUN_STANDARD

Environment Variables:
PATH=C:\Program Files\Android\Jdk\microsoft_dist_openjdk_1.8.0.25\bin;C:\Program Files (x86)\Razer\ChromaBroadcast\bin;C:\Program Files\Razer\ChromaBroadcast\bin;C:\Program Files (x86)\Intel\Intel(R) Management Engine Components\iCLS\;C:\Program Files\Intel\Intel(R) Management Engine Components\iCLS\;C:\WINDOWS\system32;C:\WINDOWS;C:\WINDOWS\System32\Wbem;C:\WINDOWS\System32\WindowsPowerShell\v1.0\;C:\WINDOWS\System32\OpenSSH\;C:\Program Files (x86)\Intel\Intel(R) Management Engine Components\DAL;C:\Program Files\Intel\Intel(R) Management Engine Components\DAL;C:\Program Files\Intel\WiFi\bin\;C:\Program Files\Common Files\Intel\WirelessCommon\;C:\Program Files\dotnet\;C:\Program Files\Microsoft SQL Server\Client SDK\ODBC\170\Tools\Binn\;D:\Users\TortoiseSVN\bin;C:\Program Files (x86)\Microsoft SQL Server\110\Tools\Binn\ManagementStudio\;C:\Program Files (x86)\Microsoft SQL Server\110\Tools\Binn\;C:\Program Files\Microsoft SQL Server\110\Tools\Binn\;C:\Program Files (x86)\Microsoft SQL Server\110\DTS\Binn\;C:\Program Files\Microsoft SQL Server\130\Tools\Binn\;C:\Users\Sunits\AppData\Local\Microsoft\WindowsApps;C:\Users\Sunits\.dotnet\tools;D:\Users\Git\cmd;D:\Users\GitExtensions\;C:\Users\Sunits\AppData\Local\Microsoft\WindowsApps;
USERNAME=Sunits
OS=Windows_NT
PROCESSOR_IDENTIFIER=Intel64 Family 6 Model 142 Stepping 10, GenuineIntel



---------------  S Y S T E M  ---------------

OS: Windows 10.0 , 64 bit Build 17763 (10.0.17763.475)

CPU:total 8 (initial active 8) (4 cores per cpu, 2 threads per core) family 6 model 142 stepping 10, cmov, cx8, fxsr, mmx, sse, sse2, sse3, ssse3, sse4.1, sse4.2, popcnt, avx, avx2, aes, clmul, erms, 3dnowpref, lzcnt, ht, tsc, tscinvbit, bmi1, bmi2, adx

Memory: 4k page, physical 8234840k(855156k free), swap 26221524k(4956k free)

vm_info: OpenJDK 64-Bit Server VM (25.71-b00) for windows-amd64 JRE (1.8.0-25-microsoft-b00), built on Feb  7 2019 20:09:14 by "builder" with MS VC++ 10.0 (VS2010)

time: Wed Oct 30 10:31:51 2019
timezone: 中国标准时间
elapsed time: 14 seconds (0d 0h 0m 14s)

