#
# There is insufficient memory for the Java Runtime Environment to continue.
# Native memory allocation (malloc) failed to allocate 1048576 bytes for AllocateHeap
# Possible reasons:
#   The system is out of physical RAM or swap space
#   The process is running with CompressedOops enabled, and the Java Heap may be blocking the growth of the native heap
# Possible solutions:
#   Reduce memory load on the system
#   Increase physical memory or swap space
#   Check if swap backing store is full
#   Decrease Java heap size (-Xmx/-Xms)
#   Decrease number of Java threads
#   Decrease Java thread stack sizes (-Xss)
#   Set larger code cache with -XX:ReservedCodeCacheSize=
#   JVM is running with Unscaled Compressed Oops mode in which the Java heap is
#     placed in the first 4GB address space. The Java Heap base address is the
#     maximum limit for the native heap growth. Please use -XX:HeapBaseMinAddress
#     to set the Java Heap base and to place the Java Heap above 4GB virtual address.
# This output file may be truncated or incomplete.
#
#  Out of Memory Error (memory/allocation.inline.hpp:61), pid=21452, tid=0x0000000000006bbc
#
# JRE version:  (8.0) (build )
# Java VM: OpenJDK 64-Bit Server VM (25.71-b00 mixed mode windows-amd64 compressed oops)
# Failed to write core dump. Minidumps are not enabled by default on client versions of Windows
#

---------------  T H R E A D  ---------------

Current thread (0x00000000028de800):  JavaThread "Unknown thread" [_thread_in_vm, id=27580, stack(0x0000000002920000,0x0000000002a20000)]

Stack: [0x0000000002920000,0x0000000002a20000]
[error occurred during error reporting (printing stack bounds), id 0xc0000005]

Native frames: (J=compiled Java code, j=interpreted, Vv=VM code, C=native code)


---------------  P R O C E S S  ---------------

Java Threads: ( => current thread )

Other Threads:

=>0x00000000028de800 (exited) JavaThread "Unknown thread" [_thread_in_vm, id=27580, stack(0x0000000002920000,0x0000000002a20000)]

VM state:not at safepoint (normal execution)

VM Mutex/Monitor currently owned by a thread: None

heap address: 0x0000000082400000, size: 2012 MB, Compressed Oops mode: 32-bit
Narrow klass base: 0x0000000000000000, Narrow klass shift: 3
Compressed class space size: 1073741824 Address: 0x0000000100000000

Heap:
 PSYoungGen      total 37888K, used 655K [0x00000000d6180000, 0x00000000d8b80000, 0x0000000100000000)
  eden space 32768K, 2% used [0x00000000d6180000,0x00000000d6223d80,0x00000000d8180000)
  from space 5120K, 0% used [0x00000000d8680000,0x00000000d8680000,0x00000000d8b80000)
  to   space 5120K, 0% used [0x00000000d8180000,0x00000000d8180000,0x00000000d8680000)
 ParOldGen       total 86016K, used 0K [0x0000000082400000, 0x0000000087800000, 0x00000000d6180000)
  object space 86016K, 0% used [0x0000000082400000,0x0000000082400000,0x0000000087800000)
 Metaspace       used 777K, capacity 4480K, committed 4480K, reserved 1056768K
  class space    used 74K, capacity 384K, committed 384K, reserved 1048576K

Card table byte_map: [0x0000000011ee0000,0x00000000122d0000] byte_map_base: 0x0000000011ace000

Marking Bits: (ParMarkBitMap*) 0x00000000686d8f30
 Begin Bits: [0x0000000012d70000, 0x0000000014ce0000)
 End Bits:   [0x0000000014ce0000, 0x0000000016c50000)

Polling page: 0x0000000002500000

CodeCache: size=245760Kb used=328Kb max_used=328Kb free=245431Kb
 bounds [0x0000000002b20000, 0x0000000002d90000, 0x0000000011b20000]
 total_blobs=57 nmethods=0 adapters=38
 compilation: enabled

Compilation events (0 events):
No events

GC Heap History (0 events):
No events

Deoptimization events (0 events):
No events

Classes redefined (0 events):
No events

Internal exceptions (0 events):
No events

Events (10 events):
Event: 0.093 loading class java/lang/Short
Event: 0.093 loading class java/lang/Short done
Event: 0.093 loading class java/lang/Integer
Event: 0.093 loading class java/lang/Integer done
Event: 0.093 loading class java/lang/Long
Event: 0.093 loading class java/lang/Long done
Event: 0.094 loading class java/lang/NullPointerException
Event: 0.094 loading class java/lang/NullPointerException done
Event: 0.094 loading class java/lang/ArithmeticException
Event: 0.095 loading class java/lang/ArithmeticException done


Dynamic libraries:
0x00007ff7855c0000 - 0x00007ff7855f5000 	C:\Program Files\Android\Jdk\microsoft_dist_openjdk_1.8.0.25\bin\java.exe
0x00007ffc805e0000 - 0x00007ffc807cd000 	C:\WINDOWS\SYSTEM32\ntdll.dll
0x00007ffc801f0000 - 0x00007ffc802a3000 	C:\WINDOWS\System32\KERNEL32.DLL
0x00007ffc7cc90000 - 0x00007ffc7cf23000 	C:\WINDOWS\System32\KERNELBASE.dll
0x00007ffc7de10000 - 0x00007ffc7deb3000 	C:\WINDOWS\System32\ADVAPI32.dll
0x00007ffc7fdd0000 - 0x00007ffc7fe6e000 	C:\WINDOWS\System32\msvcrt.dll
0x00007ffc7fd30000 - 0x00007ffc7fdce000 	C:\WINDOWS\System32\sechost.dll
0x00007ffc802b0000 - 0x00007ffc803d2000 	C:\WINDOWS\System32\RPCRT4.dll
0x00007ffc7dbf0000 - 0x00007ffc7dd87000 	C:\WINDOWS\System32\USER32.dll
0x00007ffc7cb70000 - 0x00007ffc7cb90000 	C:\WINDOWS\System32\win32u.dll
0x00007ffc800f0000 - 0x00007ffc80119000 	C:\WINDOWS\System32\GDI32.dll
0x00007ffc7c9d0000 - 0x00007ffc7cb69000 	C:\WINDOWS\System32\gdi32full.dll
0x00007ffc7d760000 - 0x00007ffc7d800000 	C:\WINDOWS\System32\msvcp_win.dll
0x00007ffc7cb90000 - 0x00007ffc7cc8a000 	C:\WINDOWS\System32\ucrtbase.dll
0x00007ffc6a660000 - 0x00007ffc6a8d9000 	C:\WINDOWS\WinSxS\amd64_microsoft.windows.common-controls_6595b64144ccf1df_6.0.17763.914_none_05b346b2072102f2\COMCTL32.dll
0x00007ffc7d810000 - 0x00007ffc7db3c000 	C:\WINDOWS\System32\combase.dll
0x00007ffc7cf30000 - 0x00007ffc7cfae000 	C:\WINDOWS\System32\bcryptPrimitives.dll
0x00007ffc7dec0000 - 0x00007ffc7deee000 	C:\WINDOWS\System32\IMM32.DLL
0x0000000068b70000 - 0x0000000068c41000 	C:\Program Files\Android\Jdk\microsoft_dist_openjdk_1.8.0.25\jre\bin\msvcr100.dll
0x0000000067f10000 - 0x0000000068755000 	C:\Program Files\Android\Jdk\microsoft_dist_openjdk_1.8.0.25\jre\bin\server\jvm.dll
0x00007ffc7f6f0000 - 0x00007ffc7f6f8000 	C:\WINDOWS\System32\PSAPI.DLL
0x00007ffc79c70000 - 0x00007ffc79c94000 	C:\WINDOWS\SYSTEM32\WINMM.dll
0x00007ffc7ad50000 - 0x00007ffc7ad5a000 	C:\WINDOWS\SYSTEM32\VERSION.dll
0x00007ffc79c40000 - 0x00007ffc79c6d000 	C:\WINDOWS\SYSTEM32\WINMMBASE.dll
0x00007ffc7c6a0000 - 0x00007ffc7c6ea000 	C:\WINDOWS\System32\cfgmgr32.dll
0x00007ffc530f0000 - 0x00007ffc530f9000 	C:\WINDOWS\SYSTEM32\WSOCK32.dll
0x00007ffc80120000 - 0x00007ffc8018d000 	C:\WINDOWS\System32\WS2_32.dll
0x00007ffc75500000 - 0x00007ffc7550f000 	C:\Program Files\Android\Jdk\microsoft_dist_openjdk_1.8.0.25\jre\bin\verify.dll
0x00007ffc6ad00000 - 0x00007ffc6ad29000 	C:\Program Files\Android\Jdk\microsoft_dist_openjdk_1.8.0.25\jre\bin\java.dll
0x00007ffc753c0000 - 0x00007ffc753d6000 	C:\Program Files\Android\Jdk\microsoft_dist_openjdk_1.8.0.25\jre\bin\zip.dll

VM Arguments:
java_command: <unknown>
java_class_path (initial): .
Launcher Type: SUN_STANDARD

Environment Variables:
PATH=C:\Program Files\Android\Jdk\microsoft_dist_openjdk_1.8.0.25\bin;C:\Program Files (x86)\Razer Chroma SDK\bin;C:\Program Files\Razer Chroma SDK\bin;C:\Program Files (x86)\Razer\ChromaBroadcast\bin;C:\Program Files\Razer\ChromaBroadcast\bin;C:\Program Files (x86)\Intel\Intel(R) Management Engine Components\iCLS\;C:\Program Files\Intel\Intel(R) Management Engine Components\iCLS\;C:\WINDOWS\system32;C:\WINDOWS;C:\WINDOWS\System32\Wbem;C:\WINDOWS\System32\WindowsPowerShell\v1.0\;C:\WINDOWS\System32\OpenSSH\;C:\Program Files (x86)\Intel\Intel(R) Management Engine Components\DAL;C:\Program Files\Intel\Intel(R) Management Engine Components\DAL;C:\Program Files\Intel\WiFi\bin\;C:\Program Files\Common Files\Intel\WirelessCommon\;C:\Program Files\dotnet\;C:\Program Files\Microsoft SQL Server\Client SDK\ODBC\170\Tools\Binn\;D:\Users\TortoiseSVN\bin;C:\Program Files (x86)\Microsoft SQL Server\110\Tools\Binn\ManagementStudio\;C:\Program Files (x86)\Microsoft SQL Server\110\Tools\Binn\;C:\Program Files\Microsoft SQL Server\110\Tools\Binn\;C:\Program Files (x86)\Microsoft SQL Server\110\DTS\Binn\;C:\Program Files\Microsoft SQL Server\130\Tools\Binn\;C:\Users\Sunits\AppData\Local\Microsoft\WindowsApps;C:\Users\Sunits\.dotnet\tools;D:\Users\Git\cmd;D:\Users\GitExtensions\;D:\安卓APP\解析java包\ikvm-7.2.4630.5\bin;D:\Users\TortoiseGit\bin;C:\Users\Sunits\AppData\Local\Microsoft\WindowsApps;C:\Users\Sunits\AppData\Local\BypassRuntm
USERNAME=Sunits
OS=Windows_NT
PROCESSOR_IDENTIFIER=Intel64 Family 6 Model 142 Stepping 10, GenuineIntel



---------------  S Y S T E M  ---------------

OS: Windows 10.0 , 64 bit Build 17763 (10.0.17763.475)

CPU:total 8 (initial active 8) (4 cores per cpu, 2 threads per core) family 6 model 142 stepping 10, cmov, cx8, fxsr, mmx, sse, sse2, sse3, ssse3, sse4.1, sse4.2, popcnt, avx, avx2, aes, clmul, erms, 3dnowpref, lzcnt, ht, tsc, tscinvbit, bmi1, bmi2, adx

Memory: 4k page, physical 8234840k(383188k free), swap 21341908k(6188k free)

vm_info: OpenJDK 64-Bit Server VM (25.71-b00) for windows-amd64 JRE (1.8.0-25-microsoft-b00), built on Feb  7 2019 20:09:14 by "builder" with MS VC++ 10.0 (VS2010)

time: Thu Dec 26 17:33:08 2019
timezone: 中国标准时间
elapsed time: 0 seconds (0d 0h 0m 0s)

