#
# There is insufficient memory for the Java Runtime Environment to continue.
# Native memory allocation (malloc) failed to allocate 166896 bytes for Chunk::new
# Possible reasons:
#   The system is out of physical RAM or swap space
#   The process is running with CompressedOops enabled, and the Java Heap may be blocking the growth of the native heap
# Possible solutions:
#   Reduce memory load on the system
#   Increase physical memory or swap space
#   Check if swap backing store is full
#   Decrease Java heap size (-Xmx/-Xms)
#   Decrease number of Java threads
#   Decrease Java thread stack sizes (-Xss)
#   Set larger code cache with -XX:ReservedCodeCacheSize=
#   JVM is running with Unscaled Compressed Oops mode in which the Java heap is
#     placed in the first 4GB address space. The Java Heap base address is the
#     maximum limit for the native heap growth. Please use -XX:HeapBaseMinAddress
#     to set the Java Heap base and to place the Java Heap above 4GB virtual address.
# This output file may be truncated or incomplete.
#
#  Out of Memory Error (allocation.cpp:389), pid=37252, tid=0x0000000000013188
#
# JRE version: OpenJDK Runtime Environment (8.0) (build 1.8.0-25-microsoft-b00)
# Java VM: OpenJDK 64-Bit Server VM (25.71-b00 mixed mode windows-amd64 compressed oops)
# Failed to write core dump. Minidumps are not enabled by default on client versions of Windows
#

---------------  T H R E A D  ---------------

Current thread (0x000000001a50e800):  JavaThread "C2 CompilerThread0" daemon [_thread_in_native, id=78216, stack(0x000000001ac80000,0x000000001ad80000)]

Stack: [0x000000001ac80000,0x000000001ad80000]
[error occurred during error reporting (printing stack bounds), id 0xc0000005]

Native frames: (J=compiled Java code, j=interpreted, Vv=VM code, C=native code)


Current CompileTask:
C2:   2059 2026       4       com.sun.tools.javac.code.Symbol::hiddenInInternal (202 bytes)


---------------  P R O C E S S  ---------------

Java Threads: ( => current thread )
  0x000000001a5b5800 JavaThread "Service Thread" daemon [_thread_blocked, id=86312, stack(0x000000001b080000,0x000000001b180000)]
  0x000000001a51a800 JavaThread "C1 CompilerThread3" daemon [_thread_blocked, id=83780, stack(0x000000001af80000,0x000000001b080000)]
  0x000000001a516800 JavaThread "C2 CompilerThread2" daemon [_thread_in_native, id=76056, stack(0x000000001ae80000,0x000000001af80000)]
  0x000000001a516000 JavaThread "C2 CompilerThread1" daemon [_thread_in_vm, id=1548, stack(0x000000001ad80000,0x000000001ae80000)]
=>0x000000001a50e800 JavaThread "C2 CompilerThread0" daemon [_thread_in_native, id=78216, stack(0x000000001ac80000,0x000000001ad80000)]
  0x000000001a50e000 JavaThread "Attach Listener" daemon [_thread_blocked, id=78612, stack(0x000000001ab80000,0x000000001ac80000)]
  0x000000001a50d000 JavaThread "Signal Dispatcher" daemon [_thread_blocked, id=28712, stack(0x000000001aa80000,0x000000001ab80000)]
  0x000000001a4a1000 JavaThread "Finalizer" daemon [_thread_blocked, id=91172, stack(0x000000001a980000,0x000000001aa80000)]
  0x000000001a4a0800 JavaThread "Reference Handler" daemon [_thread_blocked, id=91352, stack(0x000000001a880000,0x000000001a980000)]
  0x0000000003693800 JavaThread "main" [_thread_in_native, id=39748, stack(0x0000000003150000,0x0000000003250000)]

Other Threads:
  0x0000000018698000 VMThread [stack: 0x000000001a380000,0x000000001a480000] [id=88920]
  0x000000001a5b6000 WatcherThread [stack: 0x000000001b180000,0x000000001b280000] [id=33940]

VM state:not at safepoint (normal execution)

VM Mutex/Monitor currently owned by a thread: None

heap address: 0x0000000082400000, size: 2012 MB, Compressed Oops mode: 32-bit
Narrow klass base: 0x0000000000000000, Narrow klass shift: 3
Compressed class space size: 1073741824 Address: 0x0000000100000000

Heap:
 PSYoungGen      total 28672K, used 18119K [0x00000000d6180000, 0x00000000d8f00000, 0x0000000100000000)
  eden space 19456K, 45% used [0x00000000d6180000,0x00000000d6a36f58,0x00000000d7480000)
  from space 9216K, 99% used [0x00000000d7f80000,0x00000000d887b038,0x00000000d8880000)
  to   space 11264K, 0% used [0x00000000d7480000,0x00000000d7480000,0x00000000d7f80000)
 ParOldGen       total 20992K, used 12916K [0x0000000082400000, 0x0000000083880000, 0x00000000d6180000)
  object space 20992K, 61% used [0x0000000082400000,0x000000008309d278,0x0000000083880000)
 Metaspace       used 9635K, capacity 10014K, committed 10368K, reserved 1058816K
  class space    used 1012K, capacity 1042K, committed 1152K, reserved 1048576K

Card table byte_map: [0x0000000012b50000,0x0000000012f40000] byte_map_base: 0x000000001273e000

Marking Bits: (ParMarkBitMap*) 0x00000000648f8f30
 Begin Bits: [0x00000000139e0000, 0x0000000015950000)
 End Bits:   [0x0000000015950000, 0x00000000178c0000)

Polling page: 0x0000000001490000

CodeCache: size=245760Kb used=8639Kb max_used=8648Kb free=237120Kb
 bounds [0x0000000003790000, 0x0000000004010000, 0x0000000012790000]
 total_blobs=2404 nmethods=2103 adapters=214
 compilation: enabled

Compilation events (10 events):
Event: 2.052 Thread 0x000000001a51a800 nmethod 2103 0x0000000003ffc210 code [0x0000000003ffc360, 0x0000000003ffc4d0]
Event: 2.052 Thread 0x000000001a51a800 2104       3       com.sun.tools.javac.comp.Lower::visitSelect (258 bytes)
Event: 2.054 Thread 0x000000001a51a800 nmethod 2104 0x0000000004006210 code [0x0000000004006540, 0x0000000004007d38]
Event: 2.054 Thread 0x000000001a51a800 2106       1       com.sun.tools.javac.code.Type$ClassType$1::constValue (5 bytes)
Event: 2.054 Thread 0x000000001a51a800 nmethod 2106 0x0000000004004fd0 code [0x0000000004005120, 0x0000000004005230]
Event: 2.054 Thread 0x000000001a51a800 2105       3       com.sun.tools.javac.comp.Lower::visitIdent (19 bytes)
Event: 2.054 Thread 0x000000001a51a800 nmethod 2105 0x0000000004004b90 code [0x0000000004004d00, 0x0000000004004ee8]
Event: 2.054 Thread 0x000000001a516000 nmethod 2101 0x0000000004003c90 code [0x0000000004003e00, 0x0000000004004798]
Event: 2.055 Thread 0x000000001a51a800 2107       1       com.sun.tools.javac.jvm.Pool::numEntries (5 bytes)
Event: 2.055 Thread 0x000000001a51a800 nmethod 2107 0x00000000040039d0 code [0x0000000004003b20, 0x0000000004003c30]

GC Heap History (10 events):
Event: 0.520 GC heap before
{Heap before GC invocations=8 (full 1):
 PSYoungGen      total 14848K, used 3068K [0x00000000d6180000, 0x00000000d8380000, 0x0000000100000000)
  eden space 11776K, 0% used [0x00000000d6180000,0x00000000d6180000,0x00000000d6d00000)
  from space 3072K, 99% used [0x00000000d6d00000,0x00000000d6fff228,0x00000000d7000000)
  to   space 5632K, 0% used [0x00000000d7e00000,0x00000000d7e00000,0x00000000d8380000)
 ParOldGen       total 6656K, used 6601K [0x0000000082400000, 0x0000000082a80000, 0x00000000d6180000)
  object space 6656K, 99% used [0x0000000082400000,0x0000000082a727f8,0x0000000082a80000)
 Metaspace       used 7451K, capacity 8244K, committed 8320K, reserved 1056768K
  class space    used 867K, capacity 880K, committed 896K, reserved 1048576K
Event: 0.549 GC heap after
Heap after GC invocations=8 (full 1):
 PSYoungGen      total 14848K, used 3066K [0x00000000d6180000, 0x00000000d8380000, 0x0000000100000000)
  eden space 11776K, 0% used [0x00000000d6180000,0x00000000d6180000,0x00000000d6d00000)
  from space 3072K, 99% used [0x00000000d6d00000,0x00000000d6ffebb8,0x00000000d7000000)
  to   space 5632K, 0% used [0x00000000d7e00000,0x00000000d7e00000,0x00000000d8380000)
 ParOldGen       total 11776K, used 5917K [0x0000000082400000, 0x0000000082f80000, 0x00000000d6180000)
  object space 11776K, 50% used [0x0000000082400000,0x00000000829c7670,0x0000000082f80000)
 Metaspace       used 7451K, capacity 8244K, committed 8320K, reserved 1056768K
  class space    used 867K, capacity 880K, committed 896K, reserved 1048576K
}
Event: 0.658 GC heap before
{Heap before GC invocations=9 (full 1):
 PSYoungGen      total 14848K, used 14842K [0x00000000d6180000, 0x00000000d8380000, 0x0000000100000000)
  eden space 11776K, 100% used [0x00000000d6180000,0x00000000d6d00000,0x00000000d6d00000)
  from space 3072K, 99% used [0x00000000d6d00000,0x00000000d6ffebb8,0x00000000d7000000)
  to   space 5632K, 0% used [0x00000000d7e00000,0x00000000d7e00000,0x00000000d8380000)
 ParOldGen       total 11776K, used 5917K [0x0000000082400000, 0x0000000082f80000, 0x00000000d6180000)
  object space 11776K, 50% used [0x0000000082400000,0x00000000829c7670,0x0000000082f80000)
 Metaspace       used 7624K, capacity 8372K, committed 8576K, reserved 1056768K
  class space    used 875K, capacity 880K, committed 896K, reserved 1048576K
Event: 0.661 GC heap after
Heap after GC invocations=9 (full 1):
 PSYoungGen      total 21504K, used 4393K [0x00000000d6180000, 0x00000000d8280000, 0x0000000100000000)
  eden space 16896K, 0% used [0x00000000d6180000,0x00000000d6180000,0x00000000d7200000)
  from space 4608K, 95% used [0x00000000d7e00000,0x00000000d824a690,0x00000000d8280000)
  to   space 6144K, 0% used [0x00000000d7680000,0x00000000d7680000,0x00000000d7c80000)
 ParOldGen       total 11776K, used 6029K [0x0000000082400000, 0x0000000082f80000, 0x00000000d6180000)
  object space 11776K, 51% used [0x0000000082400000,0x00000000829e3670,0x0000000082f80000)
 Metaspace       used 7624K, capacity 8372K, committed 8576K, reserved 1056768K
  class space    used 875K, capacity 880K, committed 896K, reserved 1048576K
}
Event: 0.760 GC heap before
{Heap before GC invocations=10 (full 1):
 PSYoungGen      total 21504K, used 21289K [0x00000000d6180000, 0x00000000d8280000, 0x0000000100000000)
  eden space 16896K, 100% used [0x00000000d6180000,0x00000000d7200000,0x00000000d7200000)
  from space 4608K, 95% used [0x00000000d7e00000,0x00000000d824a690,0x00000000d8280000)
  to   space 6144K, 0% used [0x00000000d7680000,0x00000000d7680000,0x00000000d7c80000)
 ParOldGen       total 11776K, used 6029K [0x0000000082400000, 0x0000000082f80000, 0x00000000d6180000)
  object space 11776K, 51% used [0x0000000082400000,0x00000000829e3670,0x0000000082f80000)
 Metaspace       used 7935K, capacity 8660K, committed 8960K, reserved 1056768K
  class space    used 892K, capacity 912K, committed 1024K, reserved 1048576K
Event: 0.766 GC heap after
Heap after GC invocations=10 (full 1):
 PSYoungGen      total 27648K, used 6124K [0x00000000d6180000, 0x00000000d8880000, 0x0000000100000000)
  eden space 21504K, 0% used [0x00000000d6180000,0x00000000d6180000,0x00000000d7680000)
  from space 6144K, 99% used [0x00000000d7680000,0x00000000d7c7b2c0,0x00000000d7c80000)
  to   space 9216K, 0% used [0x00000000d7f80000,0x00000000d7f80000,0x00000000d8880000)
 ParOldGen       total 11776K, used 10691K [0x0000000082400000, 0x0000000082f80000, 0x00000000d6180000)
  object space 11776K, 90% used [0x0000000082400000,0x0000000082e70e10,0x0000000082f80000)
 Metaspace       used 7935K, capacity 8660K, committed 8960K, reserved 1056768K
  class space    used 892K, capacity 912K, committed 1024K, reserved 1048576K
}
Event: 0.766 GC heap before
{Heap before GC invocations=11 (full 2):
 PSYoungGen      total 27648K, used 6124K [0x00000000d6180000, 0x00000000d8880000, 0x0000000100000000)
  eden space 21504K, 0% used [0x00000000d6180000,0x00000000d6180000,0x00000000d7680000)
  from space 6144K, 99% used [0x00000000d7680000,0x00000000d7c7b2c0,0x00000000d7c80000)
  to   space 9216K, 0% used [0x00000000d7f80000,0x00000000d7f80000,0x00000000d8880000)
 ParOldGen       total 11776K, used 10691K [0x0000000082400000, 0x0000000082f80000, 0x00000000d6180000)
  object space 11776K, 90% used [0x0000000082400000,0x0000000082e70e10,0x0000000082f80000)
 Metaspace       used 7935K, capacity 8660K, committed 8960K, reserved 1056768K
  class space    used 892K, capacity 912K, committed 1024K, reserved 1048576K
Event: 0.874 GC heap after
Heap after GC invocations=11 (full 2):
 PSYoungGen      total 27648K, used 5083K [0x00000000d6180000, 0x00000000d8880000, 0x0000000100000000)
  eden space 21504K, 0% used [0x00000000d6180000,0x00000000d6180000,0x00000000d7680000)
  from space 6144K, 82% used [0x00000000d7680000,0x00000000d7b76ec8,0x00000000d7c80000)
  to   space 9216K, 0% used [0x00000000d7f80000,0x00000000d7f80000,0x00000000d8880000)
 ParOldGen       total 20992K, used 11387K [0x0000000082400000, 0x0000000083880000, 0x00000000d6180000)
  object space 20992K, 54% used [0x0000000082400000,0x0000000082f1ed08,0x0000000083880000)
 Metaspace       used 7935K, capacity 8660K, committed 8960K, reserved 1056768K
  class space    used 892K, capacity 912K, committed 1024K, reserved 1048576K
}
Event: 1.250 GC heap before
{Heap before GC invocations=12 (full 2):
 PSYoungGen      total 27648K, used 26587K [0x00000000d6180000, 0x00000000d8880000, 0x0000000100000000)
  eden space 21504K, 100% used [0x00000000d6180000,0x00000000d7680000,0x00000000d7680000)
  from space 6144K, 82% used [0x00000000d7680000,0x00000000d7b76ec8,0x00000000d7c80000)
  to   space 9216K, 0% used [0x00000000d7f80000,0x00000000d7f80000,0x00000000d8880000)
 ParOldGen       total 20992K, used 11387K [0x0000000082400000, 0x0000000083880000, 0x00000000d6180000)
  object space 20992K, 54% used [0x0000000082400000,0x0000000082f1ed08,0x0000000083880000)
 Metaspace       used 9278K, capacity 9694K, committed 9856K, reserved 1058816K
  class space    used 1012K, capacity 1042K, committed 1152K, reserved 1048576K
Event: 1.257 GC heap after
Heap after GC invocations=12 (full 2):
 PSYoungGen      total 28672K, used 9196K [0x00000000d6180000, 0x00000000d8f00000, 0x0000000100000000)
  eden space 19456K, 0% used [0x00000000d6180000,0x00000000d6180000,0x00000000d7480000)
  from space 9216K, 99% used [0x00000000d7f80000,0x00000000d887b038,0x00000000d8880000)
  to   space 11264K, 0% used [0x00000000d7480000,0x00000000d7480000,0x00000000d7f80000)
 ParOldGen       total 20992K, used 12916K [0x0000000082400000, 0x0000000083880000, 0x00000000d6180000)
  object space 20992K, 61% used [0x0000000082400000,0x000000008309d278,0x0000000083880000)
 Metaspace       used 9278K, capacity 9694K, committed 9856K, reserved 1058816K
  class space    used 1012K, capacity 1042K, committed 1152K, reserved 1048576K
}

Deoptimization events (10 events):
Event: 1.956 Thread 0x0000000003693800 Uncommon trap: reason=class_check action=maybe_recompile pc=0x0000000003f2ea34 method=com.sun.tools.javac.comp.Check.checkConflicts(Lcom/sun/tools/javac/util/JCDiagnostic$DiagnosticPosition;Lcom/sun/tools/javac/code/Symbol;Lcom/sun/tools/javac/code/Symbol
Event: 1.957 Thread 0x0000000003693800 Uncommon trap: reason=class_check action=maybe_recompile pc=0x0000000003f2ea34 method=com.sun.tools.javac.comp.Check.checkConflicts(Lcom/sun/tools/javac/util/JCDiagnostic$DiagnosticPosition;Lcom/sun/tools/javac/code/Symbol;Lcom/sun/tools/javac/code/Symbol
Event: 2.027 Thread 0x0000000003693800 Uncommon trap: reason=class_check action=maybe_recompile pc=0x0000000003eb28ec method=com.sun.tools.javac.code.Types.isAssignable(Lcom/sun/tools/javac/code/Type;Lcom/sun/tools/javac/code/Type;Lcom/sun/tools/javac/util/Warner;)Z @ 26
Event: 2.028 Thread 0x0000000003693800 Uncommon trap: reason=class_check action=maybe_recompile pc=0x0000000003eb28ec method=com.sun.tools.javac.code.Types.isAssignable(Lcom/sun/tools/javac/code/Type;Lcom/sun/tools/javac/code/Type;Lcom/sun/tools/javac/util/Warner;)Z @ 26
Event: 2.028 Thread 0x0000000003693800 Uncommon trap: reason=class_check action=maybe_recompile pc=0x0000000003eb28ec method=com.sun.tools.javac.code.Types.isAssignable(Lcom/sun/tools/javac/code/Type;Lcom/sun/tools/javac/code/Type;Lcom/sun/tools/javac/util/Warner;)Z @ 26
Event: 2.047 Thread 0x0000000003693800 Uncommon trap: reason=unstable_if action=reinterpret pc=0x0000000003eb4a20 method=com.sun.tools.javac.comp.Lower.boxIfNeeded(Lcom/sun/tools/javac/tree/JCTree;Lcom/sun/tools/javac/code/Type;)Lcom/sun/tools/javac/tree/JCTree; @ 13
Event: 2.048 Thread 0x0000000003693800 Uncommon trap: reason=class_check action=maybe_recompile pc=0x0000000003dc1ce4 method=com.sun.tools.javac.comp.Check.checkType(Lcom/sun/tools/javac/util/JCDiagnostic$DiagnosticPosition;Lcom/sun/tools/javac/code/Type;Lcom/sun/tools/javac/code/Type;Lcom/sun
Event: 2.052 Thread 0x0000000003693800 Uncommon trap: reason=unstable_if action=reinterpret pc=0x0000000003f19be0 method=com.sun.tools.javac.comp.Lower.boxIfNeeded(Lcom/sun/tools/javac/tree/JCTree;Lcom/sun/tools/javac/code/Type;)Lcom/sun/tools/javac/tree/JCTree; @ 13
Event: 2.052 Thread 0x0000000003693800 Uncommon trap: reason=class_check action=maybe_recompile pc=0x0000000003dc1ce4 method=com.sun.tools.javac.comp.Check.checkType(Lcom/sun/tools/javac/util/JCDiagnostic$DiagnosticPosition;Lcom/sun/tools/javac/code/Type;Lcom/sun/tools/javac/code/Type;Lcom/sun
Event: 2.052 Thread 0x0000000003693800 Uncommon trap: reason=class_check action=maybe_recompile pc=0x0000000003dc1ce4 method=com.sun.tools.javac.comp.Check.checkType(Lcom/sun/tools/javac/util/JCDiagnostic$DiagnosticPosition;Lcom/sun/tools/javac/code/Type;Lcom/sun/tools/javac/code/Type;Lcom/sun

Classes redefined (0 events):
No events

Internal exceptions (10 events):
Event: 0.033 Thread 0x0000000003693800 Exception <a 'java/lang/NoSuchMethodError': Method sun.misc.Unsafe.defineClass(Ljava/lang/String;[BII)Ljava/lang/Class; name or signature does not match> (0x00000000d6187cd8) thrown at [D:\j\worksp~1\openjd~3\jdk8u\hotspot\src\share\vm\prims\jni.cpp, line
Event: 0.033 Thread 0x0000000003693800 Exception <a 'java/lang/NoSuchMethodError': Method sun.misc.Unsafe.prefetchRead(Ljava/lang/Object;J)V name or signature does not match> (0x00000000d6187fc0) thrown at [D:\j\worksp~1\openjd~3\jdk8u\hotspot\src\share\vm\prims\jni.cpp, line 4012]
Event: 0.118 Thread 0x0000000003693800 Exception <a 'java/security/PrivilegedActionException'> (0x00000000d61c8358) thrown at [D:\j\worksp~1\openjd~3\jdk8u\hotspot\src\share\vm\prims\jvm.cpp, line 1508]
Event: 0.118 Thread 0x0000000003693800 Exception <a 'java/security/PrivilegedActionException'> (0x00000000d61c8750) thrown at [D:\j\worksp~1\openjd~3\jdk8u\hotspot\src\share\vm\prims\jvm.cpp, line 1508]
Event: 0.118 Thread 0x0000000003693800 Exception <a 'java/security/PrivilegedActionException'> (0x00000000d61ccc20) thrown at [D:\j\worksp~1\openjd~3\jdk8u\hotspot\src\share\vm\prims\jvm.cpp, line 1508]
Event: 0.118 Thread 0x0000000003693800 Exception <a 'java/security/PrivilegedActionException'> (0x00000000d61cd018) thrown at [D:\j\worksp~1\openjd~3\jdk8u\hotspot\src\share\vm\prims\jvm.cpp, line 1508]
Event: 0.118 Thread 0x0000000003693800 Exception <a 'java/security/PrivilegedActionException'> (0x00000000d61ce940) thrown at [D:\j\worksp~1\openjd~3\jdk8u\hotspot\src\share\vm\prims\jvm.cpp, line 1508]
Event: 0.118 Thread 0x0000000003693800 Exception <a 'java/security/PrivilegedActionException'> (0x00000000d61ced38) thrown at [D:\j\worksp~1\openjd~3\jdk8u\hotspot\src\share\vm\prims\jvm.cpp, line 1508]
Event: 0.121 Thread 0x0000000003693800 Exception <a 'java/security/PrivilegedActionException'> (0x00000000d6204ca8) thrown at [D:\j\worksp~1\openjd~3\jdk8u\hotspot\src\share\vm\prims\jvm.cpp, line 1508]
Event: 0.121 Thread 0x0000000003693800 Exception <a 'java/security/PrivilegedActionException'> (0x00000000d62050a0) thrown at [D:\j\worksp~1\openjd~3\jdk8u\hotspot\src\share\vm\prims\jvm.cpp, line 1508]

Events (10 events):
Event: 2.049 Thread 0x0000000003693800 DEOPT UNPACKING pc=0x00000000037d557b sp=0x000000000324d318 mode 2
Event: 2.052 Thread 0x0000000003693800 Uncommon trap: trap_request=0xffffff65 fr.pc=0x0000000003f19be0
Event: 2.052 Thread 0x0000000003693800 DEOPT PACKING pc=0x0000000003f19be0 sp=0x000000000324e270
Event: 2.052 Thread 0x0000000003693800 DEOPT UNPACKING pc=0x00000000037d557b sp=0x000000000324e210 mode 2
Event: 2.052 Thread 0x0000000003693800 Uncommon trap: trap_request=0xffffffde fr.pc=0x0000000003dc1ce4
Event: 2.052 Thread 0x0000000003693800 DEOPT PACKING pc=0x0000000003dc1ce4 sp=0x000000000324d2d0
Event: 2.052 Thread 0x0000000003693800 DEOPT UNPACKING pc=0x00000000037d557b sp=0x000000000324d2a8 mode 2
Event: 2.052 Thread 0x0000000003693800 Uncommon trap: trap_request=0xffffffde fr.pc=0x0000000003dc1ce4
Event: 2.052 Thread 0x0000000003693800 DEOPT PACKING pc=0x0000000003dc1ce4 sp=0x000000000324d2e0
Event: 2.052 Thread 0x0000000003693800 DEOPT UNPACKING pc=0x00000000037d557b sp=0x000000000324d2b8 mode 2


Dynamic libraries:
0x00007ff750120000 - 0x00007ff750127000 	C:\Program Files\Android\Jdk\microsoft_dist_openjdk_1.8.0.25\bin\javac.exe
0x00007ff95b9d0000 - 0x00007ff95bbbd000 	C:\WINDOWS\SYSTEM32\ntdll.dll
0x00007ff95b150000 - 0x00007ff95b203000 	C:\WINDOWS\System32\KERNEL32.DLL
0x00007ff958300000 - 0x00007ff958593000 	C:\WINDOWS\System32\KERNELBASE.dll
0x0000000065a60000 - 0x0000000065b31000 	C:\Program Files\Android\Jdk\microsoft_dist_openjdk_1.8.0.25\bin\MSVCR100.dll
0x00007ff948d70000 - 0x00007ff948d9f000 	C:\Program Files\Android\Jdk\microsoft_dist_openjdk_1.8.0.25\bin\jli.dll
0x00007ff95b450000 - 0x00007ff95b4f3000 	C:\WINDOWS\System32\ADVAPI32.dll
0x00007ff958bf0000 - 0x00007ff958c8e000 	C:\WINDOWS\System32\msvcrt.dll
0x00007ff95b210000 - 0x00007ff95b2ae000 	C:\WINDOWS\System32\sechost.dll
0x00007ff958fc0000 - 0x00007ff9590e2000 	C:\WINDOWS\System32\RPCRT4.dll
0x00007ff95b2b0000 - 0x00007ff95b447000 	C:\WINDOWS\System32\USER32.dll
0x00007ff958b50000 - 0x00007ff958b70000 	C:\WINDOWS\System32\win32u.dll
0x00007ff959430000 - 0x00007ff959459000 	C:\WINDOWS\System32\GDI32.dll
0x00007ff9589b0000 - 0x00007ff958b49000 	C:\WINDOWS\System32\gdi32full.dll
0x00007ff944500000 - 0x00007ff944779000 	C:\WINDOWS\WinSxS\amd64_microsoft.windows.common-controls_6595b64144ccf1df_6.0.17763.802_none_05b1445c0722d2cc\COMCTL32.dll
0x00007ff957a90000 - 0x00007ff957b30000 	C:\WINDOWS\System32\msvcp_win.dll
0x00007ff958c90000 - 0x00007ff958fbc000 	C:\WINDOWS\System32\combase.dll
0x00007ff9585f0000 - 0x00007ff9586ea000 	C:\WINDOWS\System32\ucrtbase.dll
0x00007ff958280000 - 0x00007ff9582fe000 	C:\WINDOWS\System32\bcryptPrimitives.dll
0x00007ff95b500000 - 0x00007ff95b52e000 	C:\WINDOWS\System32\IMM32.DLL
0x0000000065b40000 - 0x0000000065c11000 	C:\Program Files\Android\Jdk\microsoft_dist_openjdk_1.8.0.25\jre\bin\msvcr100.dll
0x0000000064130000 - 0x0000000064975000 	C:\Program Files\Android\Jdk\microsoft_dist_openjdk_1.8.0.25\jre\bin\server\jvm.dll
0x00007ff95b750000 - 0x00007ff95b758000 	C:\WINDOWS\System32\PSAPI.DLL
0x00007ff9552a0000 - 0x00007ff9552c4000 	C:\WINDOWS\SYSTEM32\WINMM.dll
0x00007ff9560c0000 - 0x00007ff9560ca000 	C:\WINDOWS\SYSTEM32\VERSION.dll
0x00007ff93e650000 - 0x00007ff93e659000 	C:\WINDOWS\SYSTEM32\WSOCK32.dll
0x00007ff95b0d0000 - 0x00007ff95b13d000 	C:\WINDOWS\System32\WS2_32.dll
0x00007ff9550d0000 - 0x00007ff9550fd000 	C:\WINDOWS\SYSTEM32\WINMMBASE.dll
0x00007ff9585a0000 - 0x00007ff9585ea000 	C:\WINDOWS\System32\cfgmgr32.dll
0x00007ff955e30000 - 0x00007ff955e3f000 	C:\Program Files\Android\Jdk\microsoft_dist_openjdk_1.8.0.25\jre\bin\verify.dll
0x00007ff953640000 - 0x00007ff953669000 	C:\Program Files\Android\Jdk\microsoft_dist_openjdk_1.8.0.25\jre\bin\java.dll
0x00007ff9533d0000 - 0x00007ff9533e6000 	C:\Program Files\Android\Jdk\microsoft_dist_openjdk_1.8.0.25\jre\bin\zip.dll
0x00007ff9596f0000 - 0x00007ff95abe4000 	C:\WINDOWS\System32\SHELL32.dll
0x00007ff95b540000 - 0x00007ff95b5e8000 	C:\WINDOWS\System32\shcore.dll
0x00007ff957b30000 - 0x00007ff95827d000 	C:\WINDOWS\System32\windows.storage.dll
0x00007ff9579c0000 - 0x00007ff9579e4000 	C:\WINDOWS\System32\profapi.dll
0x00007ff957a10000 - 0x00007ff957a6d000 	C:\WINDOWS\System32\powrprof.dll
0x00007ff9593d0000 - 0x00007ff959422000 	C:\WINDOWS\System32\shlwapi.dll
0x00007ff9579f0000 - 0x00007ff957a01000 	C:\WINDOWS\System32\kernel.appcore.dll
0x00007ff958bd0000 - 0x00007ff958be7000 	C:\WINDOWS\System32\cryptsp.dll

VM Arguments:
jvm_args: -Dapplication.home=C:\Program Files\Android\Jdk\microsoft_dist_openjdk_1.8.0.25 -Xms8m -Dfile.encoding=UTF8 
java_command: com.sun.tools.javac.Main -d obj\Debug\90\android\bin\classes -classpath C:\Program Files (x86)\Microsoft Visual Studio\2019\Enterprise\Common7\IDE\ReferenceAssemblies\Microsoft\Framework\MonoAndroid\v9.0\mono.android.jar;C:\Program Files (x86)\Microsoft Visual Studio\2019\Enterprise\MSBuild\Xamarin\Android\java_runtime_fastdev.jar;obj\Debug\90\lp\10\jl\com.android.support.support-annotations.jar;obj\Debug\90\lp\11\jl\bin\classes.jar;obj\Debug\90\lp\12\jl\com.android.support.collections.jar;obj\Debug\90\lp\13\jl\bin\classes.jar;obj\Debug\90\lp\14\jl\bin\classes.jar;obj\Debug\90\lp\15\jl\bin\classes.jar;obj\Debug\90\lp\16\jl\bin\classes.jar;obj\Debug\90\lp\17\jl\bin\classes.jar;obj\Debug\90\lp\18\jl\bin\classes.jar;obj\Debug\90\lp\19\jl\bin\classes.jar;obj\Debug\90\lp\2\jl\android.arch.core.common.jar;obj\Debug\90\lp\20\jl\bin\classes.jar;obj\Debug\90\lp\21\jl\bin\classes.jar;obj\Debug\90\lp\22\jl\bin\classes.jar;obj\Debug\90\lp\23\jl\bin\classes.jar;obj\Debug\90\lp\24\jl\bin\classes.jar;obj\Debug\90\lp\25\jl\bin\classes.jar;obj\Debug\90\lp\26\jl\bin\classes.jar;obj\Debug\90\lp\27\jl\bin\classes.jar;obj\Debug\90\lp\28\jl\bin\classes.jar;obj\Debug\90\lp\29\jl\bin\classes.jar;obj\Debug\90\lp\3\jl\bin\classes.jar;obj\Debug\90\lp\30\jl\bin\classes.jar;obj\Debug\90\lp\31\jl\bin\classes.jar;obj\Debug\90\lp\33\jl\bin\classes.jar;obj\Debug\90\lp\34\jl\bin\classes.jar;obj\Debug\90\lp\35\jl\bin\classes.jar;obj\Debug\90\lp\36\jl\bin\classes.jar;obj\Debug\90\lp\37\jl\bin\classes.jar;obj\Debug\90\lp\38\jl\bin\classes.jar;obj\Debug\90\lp\4\jl\android.arch.lifecycle.common.jar;obj\Debug\90\lp\5\jl\bin\classes.jar;obj\Debug\90\lp\6\jl\bin\classes.jar;obj\Debug\90\lp\7\jl\bin\classes.jar;obj\Debug\90\lp\8\jl\bin\classes.jar;obj\Debug\90\lp\9\jl\bin\classes.jar -bootclasspath C:\Program Files (x86)\Android\android-sdk\platforms\android-28\android.jar -encoding UTF-8 @C:\Users\Sunits\AppData\Local\Temp\tmpADF1.tmp
java_class_path (initial): C:\Program Files\Android\Jdk\microsoft_dist_openjdk_1.8.0.25/lib/tools.jar;C:\Program Files\Android\Jdk\microsoft_dist_openjdk_1.8.0.25/classes
Launcher Type: SUN_STANDARD

Environment Variables:
PATH=C:\Program Files\Android\Jdk\microsoft_dist_openjdk_1.8.0.25\bin;C:\Program Files (x86)\Razer\ChromaBroadcast\bin;C:\Program Files\Razer\ChromaBroadcast\bin;C:\Program Files (x86)\Intel\Intel(R) Management Engine Components\iCLS\;C:\Program Files\Intel\Intel(R) Management Engine Components\iCLS\;C:\WINDOWS\system32;C:\WINDOWS;C:\WINDOWS\System32\Wbem;C:\WINDOWS\System32\WindowsPowerShell\v1.0\;C:\WINDOWS\System32\OpenSSH\;C:\Program Files (x86)\Intel\Intel(R) Management Engine Components\DAL;C:\Program Files\Intel\Intel(R) Management Engine Components\DAL;C:\Program Files\Intel\WiFi\bin\;C:\Program Files\Common Files\Intel\WirelessCommon\;C:\Program Files\dotnet\;C:\Program Files\Microsoft SQL Server\Client SDK\ODBC\170\Tools\Binn\;D:\Users\TortoiseSVN\bin;C:\Program Files (x86)\Microsoft SQL Server\110\Tools\Binn\ManagementStudio\;C:\Program Files (x86)\Microsoft SQL Server\110\Tools\Binn\;C:\Program Files\Microsoft SQL Server\110\Tools\Binn\;C:\Program Files (x86)\Microsoft SQL Server\110\DTS\Binn\;C:\Program Files\Microsoft SQL Server\130\Tools\Binn\;C:\Users\Sunits\AppData\Local\Microsoft\WindowsApps;C:\Users\Sunits\.dotnet\tools;D:\Users\Git\cmd;D:\Users\GitExtensions\;C:\Users\Sunits\AppData\Local\Microsoft\WindowsApps;
USERNAME=Sunits
OS=Windows_NT
PROCESSOR_IDENTIFIER=Intel64 Family 6 Model 142 Stepping 10, GenuineIntel



---------------  S Y S T E M  ---------------

OS: Windows 10.0 , 64 bit Build 17763 (10.0.17763.475)

CPU:total 8 (initial active 8) (4 cores per cpu, 2 threads per core) family 6 model 142 stepping 10, cmov, cx8, fxsr, mmx, sse, sse2, sse3, ssse3, sse4.1, sse4.2, popcnt, avx, avx2, aes, clmul, erms, 3dnowpref, lzcnt, ht, tsc, tscinvbit, bmi1, bmi2, adx

Memory: 4k page, physical 8234840k(559188k free), swap 26221524k(5284k free)

vm_info: OpenJDK 64-Bit Server VM (25.71-b00) for windows-amd64 JRE (1.8.0-25-microsoft-b00), built on Feb  7 2019 20:09:14 by "builder" with MS VC++ 10.0 (VS2010)

time: Wed Oct 30 10:24:27 2019
timezone: 中国标准时间
elapsed time: 2 seconds (0d 0h 0m 2s)

