#
# There is insufficient memory for the Java Runtime Environment to continue.
# Native memory allocation (malloc) failed to allocate 32744 bytes for ChunkPool::allocate
# Possible reasons:
#   The system is out of physical RAM or swap space
#   The process is running with CompressedOops enabled, and the Java Heap may be blocking the growth of the native heap
# Possible solutions:
#   Reduce memory load on the system
#   Increase physical memory or swap space
#   Check if swap backing store is full
#   Decrease Java heap size (-Xmx/-Xms)
#   Decrease number of Java threads
#   Decrease Java thread stack sizes (-Xss)
#   Set larger code cache with -XX:ReservedCodeCacheSize=
#   JVM is running with Unscaled Compressed Oops mode in which the Java heap is
#     placed in the first 4GB address space. The Java Heap base address is the
#     maximum limit for the native heap growth. Please use -XX:HeapBaseMinAddress
#     to set the Java Heap base and to place the Java Heap above 4GB virtual address.
# This output file may be truncated or incomplete.
#
#  Out of Memory Error (allocation.cpp:272), pid=30428, tid=0x0000000000015934
#
# JRE version: OpenJDK Runtime Environment (8.0) (build 1.8.0-25-microsoft-b00)
# Java VM: OpenJDK 64-Bit Server VM (25.71-b00 mixed mode windows-amd64 compressed oops)
# Failed to write core dump. Minidumps are not enabled by default on client versions of Windows
#

---------------  T H R E A D  ---------------

Current thread (0x000000001a2fd000):  JavaThread "C2 CompilerThread0" daemon [_thread_in_native, id=88372, stack(0x000000001aa70000,0x000000001ab70000)]

Stack: [0x000000001aa70000,0x000000001ab70000]
[error occurred during error reporting (printing stack bounds), id 0xc0000005]

Native frames: (J=compiled Java code, j=interpreted, Vv=VM code, C=native code)


Current CompileTask:
C2:    685  468       4       com.sun.tools.javac.parser.JavaTokenizer::scanIdent (739 bytes)


---------------  P R O C E S S  ---------------

Java Threads: ( => current thread )
  0x000000001a34f800 JavaThread "Service Thread" daemon [_thread_blocked, id=91720, stack(0x000000001ae70000,0x000000001af70000)]
  0x000000001a312000 JavaThread "C1 CompilerThread3" daemon [_thread_in_native, id=91544, stack(0x000000001ad70000,0x000000001ae70000)]
  0x000000001a316000 JavaThread "C2 CompilerThread2" daemon [_thread_in_native, id=80708, stack(0x000000001ac70000,0x000000001ad70000)]
  0x000000001a307800 JavaThread "C2 CompilerThread1" daemon [_thread_in_native, id=89476, stack(0x000000001ab70000,0x000000001ac70000)]
=>0x000000001a2fd000 JavaThread "C2 CompilerThread0" daemon [_thread_in_native, id=88372, stack(0x000000001aa70000,0x000000001ab70000)]
  0x000000001a2aa800 JavaThread "Attach Listener" daemon [_thread_blocked, id=85516, stack(0x000000001a970000,0x000000001aa70000)]
  0x000000001a2a9000 JavaThread "Signal Dispatcher" daemon [_thread_blocked, id=40884, stack(0x000000001a870000,0x000000001a970000)]
  0x000000001848d000 JavaThread "Finalizer" daemon [_thread_blocked, id=24160, stack(0x000000001a770000,0x000000001a870000)]
  0x000000001a290800 JavaThread "Reference Handler" daemon [_thread_blocked, id=15724, stack(0x000000001a670000,0x000000001a770000)]
  0x00000000033b3800 JavaThread "main" [_thread_in_Java, id=87400, stack(0x0000000002eb0000,0x0000000002fb0000)]

Other Threads:
  0x0000000018488800 VMThread [stack: 0x000000001a170000,0x000000001a270000] [id=90812]
  0x000000001a350800 WatcherThread [stack: 0x000000001af70000,0x000000001b070000] [id=87816]

VM state:not at safepoint (normal execution)

VM Mutex/Monitor currently owned by a thread:  ([mutex/lock_event])
[0x000000000306e400] CodeCache_lock - owner thread: 0x000000001a312000
[0x00000000033b29e0] Compile_lock - owner thread: 0x000000001a312000

heap address: 0x0000000082400000, size: 2012 MB, Compressed Oops mode: 32-bit
Narrow klass base: 0x0000000000000000, Narrow klass shift: 3
Compressed class space size: 1073741824 Address: 0x0000000100000000

Heap:
 PSYoungGen      total 4096K, used 3210K [0x00000000d6180000, 0x00000000d6980000, 0x0000000100000000)
  eden space 3072K, 71% used [0x00000000d6180000,0x00000000d63a6a00,0x00000000d6480000)
  from space 1024K, 98% used [0x00000000d6880000,0x00000000d697c010,0x00000000d6980000)
  to   space 512K, 0% used [0x00000000d6480000,0x00000000d6480000,0x00000000d6500000)
 ParOldGen       total 5632K, used 1191K [0x0000000082400000, 0x0000000082980000, 0x00000000d6180000)
  object space 5632K, 21% used [0x0000000082400000,0x0000000082529fd0,0x0000000082980000)
 Metaspace       used 7400K, capacity 8180K, committed 8320K, reserved 1056768K
  class space    used 867K, capacity 880K, committed 896K, reserved 1048576K

Card table byte_map: [0x0000000012940000,0x0000000012d30000] byte_map_base: 0x000000001252e000

Marking Bits: (ParMarkBitMap*) 0x00000000648f8f30
 Begin Bits: [0x00000000137d0000, 0x0000000015740000)
 End Bits:   [0x0000000015740000, 0x00000000176b0000)

Polling page: 0x00000000017b0000

CodeCache: size=245760Kb used=2307Kb max_used=2307Kb free=243452Kb
 bounds [0x0000000003580000, 0x00000000037f0000, 0x0000000012580000]
 total_blobs=739 nmethods=450 adapters=203
 compilation: enabled

Compilation events (10 events):
Event: 0.671 Thread 0x000000001a312000 nmethod 451 0x00000000037a1dd0 code [0x00000000037a1f20, 0x00000000037a2030]
Event: 0.671 Thread 0x000000001a312000  446       3       com.sun.tools.javac.parser.Scanner::token (30 bytes)
Event: 0.671 Thread 0x000000001a312000 nmethod 446 0x00000000037a5110 code [0x00000000037a52a0, 0x00000000037a5638]
Event: 0.671 Thread 0x000000001a312000  458       3       com.sun.tools.javac.parser.JavacParser::term3 (2502 bytes)
Event: 0.671 Thread 0x000000001a316000  459       4       com.sun.tools.javac.parser.UnicodeReader::putChar (41 bytes)
Event: 0.673 Thread 0x000000001a316000 nmethod 459 0x00000000037a7c10 code [0x00000000037a7d60, 0x00000000037a7ee8]
Event: 0.673 Thread 0x000000001a307800  466       4       com.sun.tools.javac.util.Name$Table::equals (44 bytes)
Event: 0.674 Thread 0x000000001a2fd000  468       4       com.sun.tools.javac.parser.JavaTokenizer::scanIdent (739 bytes)
Event: 0.676 Thread 0x000000001a307800 nmethod 466 0x00000000037a7890 code [0x00000000037a79c0, 0x00000000037a7b78]
Event: 0.679 Thread 0x000000001a316000  470 %     4       sun.nio.cs.UTF_8$Decoder::decodeArrayLoop @ 73 (691 bytes)

GC Heap History (10 events):
Event: 0.170 GC heap before
{Heap before GC invocations=2 (full 0):
 PSYoungGen      total 2048K, used 2040K [0x00000000d6180000, 0x00000000d6400000, 0x0000000100000000)
  eden space 1536K, 100% used [0x00000000d6180000,0x00000000d6300000,0x00000000d6300000)
  from space 512K, 98% used [0x00000000d6300000,0x00000000d637e030,0x00000000d6380000)
  to   space 512K, 0% used [0x00000000d6380000,0x00000000d6380000,0x00000000d6400000)
 ParOldGen       total 5632K, used 172K [0x0000000082400000, 0x0000000082980000, 0x00000000d6180000)
  object space 5632K, 3% used [0x0000000082400000,0x000000008242b010,0x0000000082980000)
 Metaspace       used 3844K, capacity 5228K, committed 5376K, reserved 1056768K
  class space    used 428K, capacity 488K, committed 512K, reserved 1048576K
Event: 0.172 GC heap after
Heap after GC invocations=2 (full 0):
 PSYoungGen      total 2048K, used 488K [0x00000000d6180000, 0x00000000d6580000, 0x0000000100000000)
  eden space 1536K, 0% used [0x00000000d6180000,0x00000000d6180000,0x00000000d6300000)
  from space 512K, 95% used [0x00000000d6380000,0x00000000d63fa020,0x00000000d6400000)
  to   space 512K, 0% used [0x00000000d6300000,0x00000000d6300000,0x00000000d6380000)
 ParOldGen       total 5632K, used 364K [0x0000000082400000, 0x0000000082980000, 0x00000000d6180000)
  object space 5632K, 6% used [0x0000000082400000,0x000000008245b030,0x0000000082980000)
 Metaspace       used 3844K, capacity 5228K, committed 5376K, reserved 1056768K
  class space    used 428K, capacity 488K, committed 512K, reserved 1048576K
}
Event: 0.236 GC heap before
{Heap before GC invocations=3 (full 0):
 PSYoungGen      total 2048K, used 2024K [0x00000000d6180000, 0x00000000d6580000, 0x0000000100000000)
  eden space 1536K, 100% used [0x00000000d6180000,0x00000000d6300000,0x00000000d6300000)
  from space 512K, 95% used [0x00000000d6380000,0x00000000d63fa020,0x00000000d6400000)
  to   space 512K, 0% used [0x00000000d6300000,0x00000000d6300000,0x00000000d6380000)
 ParOldGen       total 5632K, used 364K [0x0000000082400000, 0x0000000082980000, 0x00000000d6180000)
  object space 5632K, 6% used [0x0000000082400000,0x000000008245b030,0x0000000082980000)
 Metaspace       used 4350K, capacity 5612K, committed 5760K, reserved 1056768K
  class space    used 502K, capacity 552K, committed 640K, reserved 1048576K
Event: 0.243 GC heap after
Heap after GC invocations=3 (full 0):
 PSYoungGen      total 2048K, used 504K [0x00000000d6180000, 0x00000000d6580000, 0x0000000100000000)
  eden space 1536K, 0% used [0x00000000d6180000,0x00000000d6180000,0x00000000d6300000)
  from space 512K, 98% used [0x00000000d6300000,0x00000000d637e030,0x00000000d6380000)
  to   space 512K, 0% used [0x00000000d6500000,0x00000000d6500000,0x00000000d6580000)
 ParOldGen       total 5632K, used 724K [0x0000000082400000, 0x0000000082980000, 0x00000000d6180000)
  object space 5632K, 12% used [0x0000000082400000,0x00000000824b5050,0x0000000082980000)
 Metaspace       used 4350K, capacity 5612K, committed 5760K, reserved 1056768K
  class space    used 502K, capacity 552K, committed 640K, reserved 1048576K
}
Event: 0.296 GC heap before
{Heap before GC invocations=4 (full 0):
 PSYoungGen      total 2048K, used 1966K [0x00000000d6180000, 0x00000000d6580000, 0x0000000100000000)
  eden space 1536K, 95% used [0x00000000d6180000,0x00000000d62ed9a0,0x00000000d6300000)
  from space 512K, 98% used [0x00000000d6300000,0x00000000d637e030,0x00000000d6380000)
  to   space 512K, 0% used [0x00000000d6500000,0x00000000d6500000,0x00000000d6580000)
 ParOldGen       total 5632K, used 724K [0x0000000082400000, 0x0000000082980000, 0x00000000d6180000)
  object space 5632K, 12% used [0x0000000082400000,0x00000000824b5050,0x0000000082980000)
 Metaspace       used 4857K, capacity 6124K, committed 6272K, reserved 1056768K
  class space    used 560K, capacity 616K, committed 640K, reserved 1048576K
Event: 0.297 GC heap after
Heap after GC invocations=4 (full 0):
 PSYoungGen      total 3584K, used 495K [0x00000000d6180000, 0x00000000d6580000, 0x0000000100000000)
  eden space 3072K, 0% used [0x00000000d6180000,0x00000000d6180000,0x00000000d6480000)
  from space 512K, 96% used [0x00000000d6500000,0x00000000d657bc20,0x00000000d6580000)
  to   space 512K, 0% used [0x00000000d6480000,0x00000000d6480000,0x00000000d6500000)
 ParOldGen       total 5632K, used 892K [0x0000000082400000, 0x0000000082980000, 0x00000000d6180000)
  object space 5632K, 15% used [0x0000000082400000,0x00000000824df060,0x0000000082980000)
 Metaspace       used 4857K, capacity 6124K, committed 6272K, reserved 1056768K
  class space    used 560K, capacity 616K, committed 640K, reserved 1048576K
}
Event: 0.398 GC heap before
{Heap before GC invocations=5 (full 0):
 PSYoungGen      total 3584K, used 3567K [0x00000000d6180000, 0x00000000d6580000, 0x0000000100000000)
  eden space 3072K, 100% used [0x00000000d6180000,0x00000000d6480000,0x00000000d6480000)
  from space 512K, 96% used [0x00000000d6500000,0x00000000d657bc20,0x00000000d6580000)
  to   space 512K, 0% used [0x00000000d6480000,0x00000000d6480000,0x00000000d6500000)
 ParOldGen       total 5632K, used 892K [0x0000000082400000, 0x0000000082980000, 0x00000000d6180000)
  object space 5632K, 15% used [0x0000000082400000,0x00000000824df060,0x0000000082980000)
 Metaspace       used 5861K, capacity 7084K, committed 7168K, reserved 1056768K
  class space    used 711K, capacity 744K, committed 768K, reserved 1048576K
Event: 0.400 GC heap after
Heap after GC invocations=5 (full 0):
 PSYoungGen      total 3584K, used 496K [0x00000000d6180000, 0x00000000d6980000, 0x0000000100000000)
  eden space 3072K, 0% used [0x00000000d6180000,0x00000000d6180000,0x00000000d6480000)
  from space 512K, 96% used [0x00000000d6480000,0x00000000d64fc010,0x00000000d6500000)
  to   space 1024K, 0% used [0x00000000d6880000,0x00000000d6880000,0x00000000d6980000)
 ParOldGen       total 5632K, used 964K [0x0000000082400000, 0x0000000082980000, 0x00000000d6180000)
  object space 5632K, 17% used [0x0000000082400000,0x00000000824f1090,0x0000000082980000)
 Metaspace       used 5861K, capacity 7084K, committed 7168K, reserved 1056768K
  class space    used 711K, capacity 744K, committed 768K, reserved 1048576K
}
Event: 0.605 GC heap before
{Heap before GC invocations=6 (full 0):
 PSYoungGen      total 3584K, used 3558K [0x00000000d6180000, 0x00000000d6980000, 0x0000000100000000)
  eden space 3072K, 99% used [0x00000000d6180000,0x00000000d647d808,0x00000000d6480000)
  from space 512K, 96% used [0x00000000d6480000,0x00000000d64fc010,0x00000000d6500000)
  to   space 1024K, 0% used [0x00000000d6880000,0x00000000d6880000,0x00000000d6980000)
 ParOldGen       total 5632K, used 964K [0x0000000082400000, 0x0000000082980000, 0x00000000d6180000)
  object space 5632K, 17% used [0x0000000082400000,0x00000000824f1090,0x0000000082980000)
 Metaspace       used 6984K, capacity 7860K, committed 8064K, reserved 1056768K
  class space    used 837K, capacity 880K, committed 896K, reserved 1048576K
Event: 0.608 GC heap after
Heap after GC invocations=6 (full 0):
 PSYoungGen      total 4096K, used 1008K [0x00000000d6180000, 0x00000000d6980000, 0x0000000100000000)
  eden space 3072K, 0% used [0x00000000d6180000,0x00000000d6180000,0x00000000d6480000)
  from space 1024K, 98% used [0x00000000d6880000,0x00000000d697c010,0x00000000d6980000)
  to   space 512K, 0% used [0x00000000d6480000,0x00000000d6480000,0x00000000d6500000)
 ParOldGen       total 5632K, used 1191K [0x0000000082400000, 0x0000000082980000, 0x00000000d6180000)
  object space 5632K, 21% used [0x0000000082400000,0x0000000082529fd0,0x0000000082980000)
 Metaspace       used 6984K, capacity 7860K, committed 8064K, reserved 1056768K
  class space    used 837K, capacity 880K, committed 896K, reserved 1048576K
}

Deoptimization events (5 events):
Event: 0.489 Thread 0x00000000033b3800 Uncommon trap: reason=unstable_if action=reinterpret pc=0x00000000036ccc80 method=java.lang.CharacterData.of(I)Ljava/lang/CharacterData; @ 4
Event: 0.598 Thread 0x00000000033b3800 Uncommon trap: reason=unstable_if action=reinterpret pc=0x00000000036f9c2c method=java.lang.String.replace(CC)Ljava/lang/String; @ 26
Event: 0.664 Thread 0x00000000033b3800 Uncommon trap: reason=unstable_if action=reinterpret pc=0x0000000003784198 method=com.sun.tools.javac.parser.UnicodeReader.scanChar()V @ 37
Event: 0.666 Thread 0x00000000033b3800 Uncommon trap: reason=unstable_if action=reinterpret pc=0x0000000003787ad4 method=com.sun.tools.javac.parser.UnicodeReader.scanChar()V @ 37
Event: 0.666 Thread 0x00000000033b3800 Uncommon trap: reason=unstable_if action=reinterpret pc=0x0000000003739df8 method=java.lang.String.<init>([CII)V @ 18

Classes redefined (0 events):
No events

Internal exceptions (10 events):
Event: 0.039 Thread 0x00000000033b3800 Exception <a 'java/lang/NoSuchMethodError': Method sun.misc.Unsafe.defineClass(Ljava/lang/String;[BII)Ljava/lang/Class; name or signature does not match> (0x00000000d6187cd8) thrown at [D:\j\worksp~1\openjd~3\jdk8u\hotspot\src\share\vm\prims\jni.cpp, line
Event: 0.039 Thread 0x00000000033b3800 Exception <a 'java/lang/NoSuchMethodError': Method sun.misc.Unsafe.prefetchRead(Ljava/lang/Object;J)V name or signature does not match> (0x00000000d6187fc0) thrown at [D:\j\worksp~1\openjd~3\jdk8u\hotspot\src\share\vm\prims\jni.cpp, line 4012]
Event: 0.146 Thread 0x00000000033b3800 Exception <a 'java/security/PrivilegedActionException'> (0x00000000d61c83f8) thrown at [D:\j\worksp~1\openjd~3\jdk8u\hotspot\src\share\vm\prims\jvm.cpp, line 1508]
Event: 0.146 Thread 0x00000000033b3800 Exception <a 'java/security/PrivilegedActionException'> (0x00000000d61c87f0) thrown at [D:\j\worksp~1\openjd~3\jdk8u\hotspot\src\share\vm\prims\jvm.cpp, line 1508]
Event: 0.147 Thread 0x00000000033b3800 Exception <a 'java/security/PrivilegedActionException'> (0x00000000d61cccf8) thrown at [D:\j\worksp~1\openjd~3\jdk8u\hotspot\src\share\vm\prims\jvm.cpp, line 1508]
Event: 0.147 Thread 0x00000000033b3800 Exception <a 'java/security/PrivilegedActionException'> (0x00000000d61cd0f0) thrown at [D:\j\worksp~1\openjd~3\jdk8u\hotspot\src\share\vm\prims\jvm.cpp, line 1508]
Event: 0.147 Thread 0x00000000033b3800 Exception <a 'java/security/PrivilegedActionException'> (0x00000000d61cea18) thrown at [D:\j\worksp~1\openjd~3\jdk8u\hotspot\src\share\vm\prims\jvm.cpp, line 1508]
Event: 0.147 Thread 0x00000000033b3800 Exception <a 'java/security/PrivilegedActionException'> (0x00000000d61cee10) thrown at [D:\j\worksp~1\openjd~3\jdk8u\hotspot\src\share\vm\prims\jvm.cpp, line 1508]
Event: 0.150 Thread 0x00000000033b3800 Exception <a 'java/security/PrivilegedActionException'> (0x00000000d6204d88) thrown at [D:\j\worksp~1\openjd~3\jdk8u\hotspot\src\share\vm\prims\jvm.cpp, line 1508]
Event: 0.150 Thread 0x00000000033b3800 Exception <a 'java/security/PrivilegedActionException'> (0x00000000d6205180) thrown at [D:\j\worksp~1\openjd~3\jdk8u\hotspot\src\share\vm\prims\jvm.cpp, line 1508]

Events (10 events):
Event: 0.666 Thread 0x00000000033b3800 Uncommon trap: trap_request=0xffffff65 fr.pc=0x0000000003787ad4
Event: 0.666 Thread 0x00000000033b3800 DEOPT PACKING pc=0x0000000003787ad4 sp=0x0000000002fae030
Event: 0.666 Thread 0x00000000033b3800 DEOPT UNPACKING pc=0x00000000035c557b sp=0x0000000002fadf88 mode 2
Event: 0.666 Thread 0x00000000033b3800 Uncommon trap: trap_request=0xffffff65 fr.pc=0x0000000003739df8
Event: 0.666 Thread 0x00000000033b3800 DEOPT PACKING pc=0x0000000003739df8 sp=0x0000000002fae100
Event: 0.666 Thread 0x00000000033b3800 DEOPT UNPACKING pc=0x00000000035c557b sp=0x0000000002fae0c8 mode 2
Event: 0.666 loading class com/sun/tools/javac/tree/JCTree$1
Event: 0.666 loading class com/sun/tools/javac/tree/JCTree$1 done
Event: 0.666 loading class com/sun/tools/javac/code/BoundKind
Event: 0.667 loading class com/sun/tools/javac/code/BoundKind done


Dynamic libraries:
0x00007ff750120000 - 0x00007ff750127000 	C:\Program Files\Android\Jdk\microsoft_dist_openjdk_1.8.0.25\bin\javac.exe
0x00007ff95b9d0000 - 0x00007ff95bbbd000 	C:\WINDOWS\SYSTEM32\ntdll.dll
0x00007ff95b150000 - 0x00007ff95b203000 	C:\WINDOWS\System32\KERNEL32.DLL
0x00007ff958300000 - 0x00007ff958593000 	C:\WINDOWS\System32\KERNELBASE.dll
0x0000000065b40000 - 0x0000000065c11000 	C:\Program Files\Android\Jdk\microsoft_dist_openjdk_1.8.0.25\bin\MSVCR100.dll
0x00007ff953640000 - 0x00007ff95366f000 	C:\Program Files\Android\Jdk\microsoft_dist_openjdk_1.8.0.25\bin\jli.dll
0x00007ff95b450000 - 0x00007ff95b4f3000 	C:\WINDOWS\System32\ADVAPI32.dll
0x00007ff958bf0000 - 0x00007ff958c8e000 	C:\WINDOWS\System32\msvcrt.dll
0x00007ff95b210000 - 0x00007ff95b2ae000 	C:\WINDOWS\System32\sechost.dll
0x00007ff958fc0000 - 0x00007ff9590e2000 	C:\WINDOWS\System32\RPCRT4.dll
0x00007ff95b2b0000 - 0x00007ff95b447000 	C:\WINDOWS\System32\USER32.dll
0x00007ff958b50000 - 0x00007ff958b70000 	C:\WINDOWS\System32\win32u.dll
0x00007ff959430000 - 0x00007ff959459000 	C:\WINDOWS\System32\GDI32.dll
0x00007ff9589b0000 - 0x00007ff958b49000 	C:\WINDOWS\System32\gdi32full.dll
0x00007ff944500000 - 0x00007ff944779000 	C:\WINDOWS\WinSxS\amd64_microsoft.windows.common-controls_6595b64144ccf1df_6.0.17763.802_none_05b1445c0722d2cc\COMCTL32.dll
0x00007ff957a90000 - 0x00007ff957b30000 	C:\WINDOWS\System32\msvcp_win.dll
0x00007ff9585f0000 - 0x00007ff9586ea000 	C:\WINDOWS\System32\ucrtbase.dll
0x00007ff958c90000 - 0x00007ff958fbc000 	C:\WINDOWS\System32\combase.dll
0x00007ff958280000 - 0x00007ff9582fe000 	C:\WINDOWS\System32\bcryptPrimitives.dll
0x00007ff95b500000 - 0x00007ff95b52e000 	C:\WINDOWS\System32\IMM32.DLL
0x0000000065a60000 - 0x0000000065b31000 	C:\Program Files\Android\Jdk\microsoft_dist_openjdk_1.8.0.25\jre\bin\msvcr100.dll
0x0000000064130000 - 0x0000000064975000 	C:\Program Files\Android\Jdk\microsoft_dist_openjdk_1.8.0.25\jre\bin\server\jvm.dll
0x00007ff95b750000 - 0x00007ff95b758000 	C:\WINDOWS\System32\PSAPI.DLL
0x00007ff9552a0000 - 0x00007ff9552c4000 	C:\WINDOWS\SYSTEM32\WINMM.dll
0x00007ff9560c0000 - 0x00007ff9560ca000 	C:\WINDOWS\SYSTEM32\VERSION.dll
0x00007ff93e650000 - 0x00007ff93e659000 	C:\WINDOWS\SYSTEM32\WSOCK32.dll
0x00007ff95b0d0000 - 0x00007ff95b13d000 	C:\WINDOWS\System32\WS2_32.dll
0x00007ff9550d0000 - 0x00007ff9550fd000 	C:\WINDOWS\SYSTEM32\WINMMBASE.dll
0x00007ff9585a0000 - 0x00007ff9585ea000 	C:\WINDOWS\System32\cfgmgr32.dll
0x00007ff955e30000 - 0x00007ff955e3f000 	C:\Program Files\Android\Jdk\microsoft_dist_openjdk_1.8.0.25\jre\bin\verify.dll
0x00007ff946310000 - 0x00007ff946339000 	C:\Program Files\Android\Jdk\microsoft_dist_openjdk_1.8.0.25\jre\bin\java.dll
0x00007ff9516b0000 - 0x00007ff9516c6000 	C:\Program Files\Android\Jdk\microsoft_dist_openjdk_1.8.0.25\jre\bin\zip.dll
0x00007ff9596f0000 - 0x00007ff95abe4000 	C:\WINDOWS\System32\SHELL32.dll
0x00007ff95b540000 - 0x00007ff95b5e8000 	C:\WINDOWS\System32\shcore.dll
0x00007ff957b30000 - 0x00007ff95827d000 	C:\WINDOWS\System32\windows.storage.dll
0x00007ff9579c0000 - 0x00007ff9579e4000 	C:\WINDOWS\System32\profapi.dll
0x00007ff957a10000 - 0x00007ff957a6d000 	C:\WINDOWS\System32\powrprof.dll
0x00007ff9593d0000 - 0x00007ff959422000 	C:\WINDOWS\System32\shlwapi.dll
0x00007ff9579f0000 - 0x00007ff957a01000 	C:\WINDOWS\System32\kernel.appcore.dll
0x00007ff958bd0000 - 0x00007ff958be7000 	C:\WINDOWS\System32\cryptsp.dll

VM Arguments:
jvm_args: -Dapplication.home=C:\Program Files\Android\Jdk\microsoft_dist_openjdk_1.8.0.25 -Xms8m -Dfile.encoding=UTF8 
java_command: com.sun.tools.javac.Main -d obj\Debug\90\android\bin\classes -classpath C:\Program Files (x86)\Microsoft Visual Studio\2019\Enterprise\Common7\IDE\ReferenceAssemblies\Microsoft\Framework\MonoAndroid\v9.0\mono.android.jar;C:\Program Files (x86)\Microsoft Visual Studio\2019\Enterprise\MSBuild\Xamarin\Android\java_runtime_fastdev.jar;obj\Debug\90\lp\10\jl\com.android.support.support-annotations.jar;obj\Debug\90\lp\11\jl\bin\classes.jar;obj\Debug\90\lp\12\jl\com.android.support.collections.jar;obj\Debug\90\lp\13\jl\bin\classes.jar;obj\Debug\90\lp\14\jl\bin\classes.jar;obj\Debug\90\lp\15\jl\bin\classes.jar;obj\Debug\90\lp\16\jl\bin\classes.jar;obj\Debug\90\lp\17\jl\bin\classes.jar;obj\Debug\90\lp\18\jl\bin\classes.jar;obj\Debug\90\lp\19\jl\bin\classes.jar;obj\Debug\90\lp\2\jl\android.arch.core.common.jar;obj\Debug\90\lp\20\jl\bin\classes.jar;obj\Debug\90\lp\21\jl\bin\classes.jar;obj\Debug\90\lp\22\jl\bin\classes.jar;obj\Debug\90\lp\23\jl\bin\classes.jar;obj\Debug\90\lp\24\jl\bin\classes.jar;obj\Debug\90\lp\25\jl\bin\classes.jar;obj\Debug\90\lp\26\jl\bin\classes.jar;obj\Debug\90\lp\27\jl\bin\classes.jar;obj\Debug\90\lp\28\jl\bin\classes.jar;obj\Debug\90\lp\29\jl\bin\classes.jar;obj\Debug\90\lp\3\jl\bin\classes.jar;obj\Debug\90\lp\30\jl\bin\classes.jar;obj\Debug\90\lp\31\jl\bin\classes.jar;obj\Debug\90\lp\33\jl\bin\classes.jar;obj\Debug\90\lp\34\jl\bin\classes.jar;obj\Debug\90\lp\35\jl\bin\classes.jar;obj\Debug\90\lp\36\jl\bin\classes.jar;obj\Debug\90\lp\37\jl\bin\classes.jar;obj\Debug\90\lp\38\jl\bin\classes.jar;obj\Debug\90\lp\4\jl\android.arch.lifecycle.common.jar;obj\Debug\90\lp\5\jl\bin\classes.jar;obj\Debug\90\lp\6\jl\bin\classes.jar;obj\Debug\90\lp\7\jl\bin\classes.jar;obj\Debug\90\lp\8\jl\bin\classes.jar;obj\Debug\90\lp\9\jl\bin\classes.jar -bootclasspath C:\Program Files (x86)\Android\android-sdk\platforms\android-28\android.jar -encoding UTF-8 @C:\Users\Sunits\AppData\Local\Temp\tmpAA3B.tmp
java_class_path (initial): C:\Program Files\Android\Jdk\microsoft_dist_openjdk_1.8.0.25/lib/tools.jar;C:\Program Files\Android\Jdk\microsoft_dist_openjdk_1.8.0.25/classes
Launcher Type: SUN_STANDARD

Environment Variables:
PATH=C:\Program Files\Android\Jdk\microsoft_dist_openjdk_1.8.0.25\bin;C:\Program Files (x86)\Razer\ChromaBroadcast\bin;C:\Program Files\Razer\ChromaBroadcast\bin;C:\Program Files (x86)\Intel\Intel(R) Management Engine Components\iCLS\;C:\Program Files\Intel\Intel(R) Management Engine Components\iCLS\;C:\WINDOWS\system32;C:\WINDOWS;C:\WINDOWS\System32\Wbem;C:\WINDOWS\System32\WindowsPowerShell\v1.0\;C:\WINDOWS\System32\OpenSSH\;C:\Program Files (x86)\Intel\Intel(R) Management Engine Components\DAL;C:\Program Files\Intel\Intel(R) Management Engine Components\DAL;C:\Program Files\Intel\WiFi\bin\;C:\Program Files\Common Files\Intel\WirelessCommon\;C:\Program Files\dotnet\;C:\Program Files\Microsoft SQL Server\Client SDK\ODBC\170\Tools\Binn\;D:\Users\TortoiseSVN\bin;C:\Program Files (x86)\Microsoft SQL Server\110\Tools\Binn\ManagementStudio\;C:\Program Files (x86)\Microsoft SQL Server\110\Tools\Binn\;C:\Program Files\Microsoft SQL Server\110\Tools\Binn\;C:\Program Files (x86)\Microsoft SQL Server\110\DTS\Binn\;C:\Program Files\Microsoft SQL Server\130\Tools\Binn\;C:\Users\Sunits\AppData\Local\Microsoft\WindowsApps;C:\Users\Sunits\.dotnet\tools;D:\Users\Git\cmd;D:\Users\GitExtensions\;C:\Users\Sunits\AppData\Local\Microsoft\WindowsApps;
USERNAME=Sunits
OS=Windows_NT
PROCESSOR_IDENTIFIER=Intel64 Family 6 Model 142 Stepping 10, GenuineIntel



---------------  S Y S T E M  ---------------

OS: Windows 10.0 , 64 bit Build 17763 (10.0.17763.475)

CPU:total 8 (initial active 8) (4 cores per cpu, 2 threads per core) family 6 model 142 stepping 10, cmov, cx8, fxsr, mmx, sse, sse2, sse3, ssse3, sse4.1, sse4.2, popcnt, avx, avx2, aes, clmul, erms, 3dnowpref, lzcnt, ht, tsc, tscinvbit, bmi1, bmi2, adx

Memory: 4k page, physical 8234840k(584852k free), swap 26221524k(1108k free)

vm_info: OpenJDK 64-Bit Server VM (25.71-b00) for windows-amd64 JRE (1.8.0-25-microsoft-b00), built on Feb  7 2019 20:09:14 by "builder" with MS VC++ 10.0 (VS2010)

time: Wed Oct 30 10:23:20 2019
timezone: 中国标准时间
elapsed time: 0 seconds (0d 0h 0m 0s)

